[INFO] Scanning for projects...
[WARNING] 
[WARNING] Some problems were encountered while building the effective model for BDD:Cucumber:jar:0.0.1-SNAPSHOT
[WARNING] 'dependencies.dependency.systemPath' for sample:com.sample:jar should not point at files within the project directory, ${project.basedir}/src/test/resources/Jars/selenium-server-standalone-2.53.1.jar will be unresolvable by dependent projects @ line 81, column 17
[WARNING] 
[WARNING] It is highly recommended to fix these problems because they threaten the stability of your build.
[WARNING] 
[WARNING] For this reason, future Maven versions might no longer support building such malformed projects.
[WARNING] 
[INFO] 
[INFO] ------------------------------------------------------------------------
[INFO] Building Cucumber 0.0.1-SNAPSHOT
[INFO] ------------------------------------------------------------------------
[INFO] 
[INFO] --- maven-clean-plugin:2.5:clean (default-clean) @ Cucumber ---
[INFO] Deleting D:\SourceCode\sharperimage-qa\SharperimageAutomation\target
[INFO] 
[INFO] --- maven-resources-plugin:2.6:resources (default-resources) @ Cucumber ---
[WARNING] Using platform encoding (Cp1252 actually) to copy filtered resources, i.e. build is platform dependent!
[INFO] skip non existing resourceDirectory D:\SourceCode\sharperimage-qa\SharperimageAutomation\src\main\resources
[INFO] 
[INFO] --- maven-compiler-plugin:3.3:compile (default-compile) @ Cucumber ---
[INFO] Changes detected - recompiling the module!
[WARNING] File encoding has not been set, using platform encoding Cp1252, i.e. build is platform dependent!
[INFO] Compiling 1 source file to D:\SourceCode\sharperimage-qa\SharperimageAutomation\target\classes
[INFO] 
[INFO] --- maven-resources-plugin:2.6:testResources (default-testResources) @ Cucumber ---
[WARNING] Using platform encoding (Cp1252 actually) to copy filtered resources, i.e. build is platform dependent!
[INFO] Copying 9 resources
[INFO] 
[INFO] --- maven-compiler-plugin:3.3:testCompile (default-testCompile) @ Cucumber ---
[INFO] Changes detected - recompiling the module!
[WARNING] File encoding has not been set, using platform encoding Cp1252, i.e. build is platform dependent!
[INFO] Compiling 20 source files to D:\SourceCode\sharperimage-qa\SharperimageAutomation\target\test-classes
[INFO] 
[INFO] --- maven-surefire-plugin:2.19.1:test (default-test) @ Cucumber ---

-------------------------------------------------------
 T E S T S
-------------------------------------------------------
Running TestSuite
#Author: prashanth.veldandi@valuelabs.com(QA2)
@SIRegression
Feature: Add item seen on category page to cart (Mobile)
 INFO [main] (BeforeAfterHooks.java:32)- Cookies Deleted
 INFO [main] (commonStepDefinations.java:44)- User navigate to sharperimage website
 INFO [main] (commonStepDefinations.java:100)- User check that the browser title contains Headphones & Earbuds
 INFO [main] (commonStepDefinations.java:100)- User check that the browser title contains TV Wireless Headphones
 INFO [main] (commonStepDefinations.java:135)- user able to see the item with Item id:Item # 204919
 INFO [main] (commonStepDefinations.java:149)- user able to see the item with Item Price:$99.99
 INFO [main] (BeforeAfterHooks.java:32)- Cookies Deleted

  @Mobile @PDP
  Scenario: Link to Product detail page (Mobile)                                                # FeaureFiles/SharperImageMobile/Add item seen on category page to cart.feature:6
    Given User navigate to sharperimage website                                                 # commonStepDefinations.user_navigate_to_sharperimage_website()
    When User Click the button "navButton" by "id"                                              # MobileStepDefinations.muser_click_the_button_something_by_something(String,String)
    And User click the  "Electronics"                                                           # commonStepDefinations.user_click1(String)
    And User click the  "Headphones & Earbuds"                                                  # commonStepDefinations.user_click1(String)
    Then User check that the browser title contains "Headphones & Earbuds"                      # commonStepDefinations.user_check_that_the_browser_title_contains_something(String)
    When User click the  "TV Wireless Headphones"                                               # commonStepDefinations.user_click1(String)
    Then User check that the browser title contains "TV Wireless Headphones"                    # commonStepDefinations.user_check_that_the_browser_title_contains_something(String)
    And User should be taken to the product details page for that item "TV Wireless Headphones" # commonStepDefinations.user_should_be_taken_to_the_product_details_page_for_that_item_something(String)
 INFO [main] (commonStepDefinations.java:44)- User navigate to sharperimage website
1
 INFO [main] (commonStepDefinations.java:100)- User check that the browser title contains Gadgets
1
 INFO [main] (commonStepDefinations.java:100)- User check that the browser title contains Smartphone Photo Printer
 INFO [main] (commonStepDefinations.java:115)- User check that the browser title contains The Sharper Image - Official Site: Unique, Innovative, and Fun Gifts for your home or office.
 INFO [main] (SharperImage.java:79)- Shopper cart is updated with item count
 INFO [main] (commonStepDefinations.java:115)- User check that the browser title contains The Sharper Image - Official Site: Unique, Innovative, and Fun Gifts for your home or office.
 INFO [main] (commonStepDefinations.java:115)- User check that the browser title contains The Sharper Image - Official Site: Unique, Innovative, and Fun Gifts for your home or office.

  @Mobile @PDP
  Scenario: Add simple item to cart from PDP (Mobile)                                                                                # FeaureFiles/SharperImageMobile/Add item seen on category page to cart.feature:17
    Given User navigate to sharperimage website                                                                                      # commonStepDefinations.user_navigate_to_sharperimage_website()
    When User Click the button "navButton" by "id"                                                                                   # MobileStepDefinations.muser_click_the_button_something_by_something(String,String)
    And User click the link contains "More Categories"                                                                               # commonStepDefinations.user_click_the_link_contains_something(String)
    When User click the  "Gadgets"                                                                                                   # commonStepDefinations.user_click1(String)
    Then User check that the browser title contains "Gadgets"                                                                        # commonStepDefinations.user_check_that_the_browser_title_contains_something(String)
    When User click the link contains "Smartphone Photo Printer"                                                                     # commonStepDefinations.user_click_the_link_contains_something(String)
    Then User check that the browser title contains "Smartphone Photo Printer"                                                       # commonStepDefinations.user_check_that_the_browser_title_contains_something(String)
    When User Click the button "Add To Cart"                                                                                         # commonStepDefinations.user_click_the_button_something(String)
    Then User check that the browser title contains "Shopping Cart"                                                                  # commonStepDefinations.user_check_that_the_browser_title_contains_something(String)
    When User should select quantity as 2                                                                                            # SharperImage.user_should_select_quantity_as(int)
    Then Price need to update by Quantity                                                                                            # SharperImage.price_need_to_update_by_Quantity()
    When User Click the button "Checkout"                                                                                            # commonStepDefinations.user_click_the_button_something(String)
    Then User check that the browser title contains "Shipping Billing"                                                               # commonStepDefinations.user_check_that_the_browser_title_contains_something(String)
    Then User should enter Mandatory fields like firstname,lastname,2444 Merchant Ave 103, Odessa,FL,33556,7272648454,test@gmail.com # SharperImage.user_should_enter_mandatory_fields_like_(String,String,String,String,String,String,String,String)
    When User Click the button "Checkout as a guest"                                                                                 # commonStepDefinations.user_click_the_button_something(String)
    Then User check that the browser title contains "Payment"                                                                        # commonStepDefinations.user_check_that_the_browser_title_contains_something(String)
    And User should enter valid card details                                                                                         # SharperImage.user_should_enter_valid_card_details()
#Author: prashanth.veldandi@valuelabs.com(QA8)
@SIRegression @Mobile
Feature: Shopping cart Validations(Mobile)
 INFO [main] (BeforeAfterHooks.java:32)- Cookies Deleted
 INFO [main] (commonStepDefinations.java:44)- User navigate to sharperimage website
1
 INFO [main] (commonStepDefinations.java:100)- User check that the browser title contains Man Cave
 INFO [main] (commonStepDefinations.java:100)- User check that the browser title contains Electronic Return Putting Mat
 INFO [main] (SharperImage.java:79)- Shopper cart is updated with item count
1
 INFO [main] (commonStepDefinations.java:100)- User check that the browser title contains Gadgets
 INFO [main] (commonStepDefinations.java:100)- User check that the browser title contains Professional Video Drone
 INFO [main] (SharperImage.java:79)- Shopper cart is updated with item count
 INFO [main] (SharperImage.java:258)- Shopper cart is updated with item count
 INFO [main] (commonStepDefinations.java:231)- User should  able to see the Error There are no items to purchase in the order.
 INFO [main] (BeforeAfterHooks.java:32)- Cookies Deleted

  @Shoppingcart
  Scenario: user can add and delete the item from shoppeing cart(Mobile)                   # FeaureFiles/SharperImageMobile/ShoppingcartValidations.feature:6
    Given User navigate to sharperimage website                                            # commonStepDefinations.user_navigate_to_sharperimage_website()
    When User Click the button "navButton" by "id"                                         # MobileStepDefinations.muser_click_the_button_something_by_something(String,String)
    And User click the link contains "More Categories"                                     # commonStepDefinations.user_click_the_link_contains_something(String)
    When User click the  "Man Cave"                                                        # commonStepDefinations.user_click1(String)
    Then User check that the browser title contains "Man Cave"                             # commonStepDefinations.user_check_that_the_browser_title_contains_something(String)
    When User click the  "Electronic Return Putting Mat"                                   # commonStepDefinations.user_click1(String)
    Then User check that the browser title contains "Electronic Return Putting Mat"        # commonStepDefinations.user_check_that_the_browser_title_contains_something(String)
    When User Click the button "Add To Cart"                                               # commonStepDefinations.user_click_the_button_something(String)
    When User should select quantity as 3                                                  # SharperImage.user_should_select_quantity_as(int)
    Then Price need to update by Quantity                                                  # SharperImage.price_need_to_update_by_Quantity()
    When User Click the button "navButton" by "id"                                         # MobileStepDefinations.muser_click_the_button_something_by_something(String,String)
    And User click the link contains "More Categories"                                     # commonStepDefinations.user_click_the_link_contains_something(String)
    When User click the  "Gadgets"                                                         # commonStepDefinations.user_click1(String)
    Then User check that the browser title contains "Gadgets"                              # commonStepDefinations.user_check_that_the_browser_title_contains_something(String)
    When User click the  "Professional Video Drone"                                        # commonStepDefinations.user_click1(String)
    Then User check that the browser title contains "Professional Video Drone"             # commonStepDefinations.user_check_that_the_browser_title_contains_something(String)
    When User Click the button "Add To Cart"                                               # commonStepDefinations.user_click_the_button_something(String)
    When User should select quantity as 1                                                  # SharperImage.user_should_select_quantity_as(int)
    Then Price need to update by Quantity                                                  # SharperImage.price_need_to_update_by_Quantity()
    When User click the  "Remove"                                                          # commonStepDefinations.user_click1(String)
    And User should select quantity as 0                                                   # SharperImage.user_should_select_quantity_as(int)
    Then User should able to see the empty shopper cart                                    # SharperImage.user_should_able_to_see_the_empty_shopper_cart()
    When User Click the button "Checkout"                                                  # commonStepDefinations.user_click_the_button_something(String)
    Then User should  able to see the Error "There are no items to purchase in the order." # commonStepDefinations.user_should_able_to_see_the_error_something(String)
 INFO [main] (commonStepDefinations.java:44)- User navigate to sharperimage website
 INFO [main] (commonStepDefinations.java:100)- User check that the browser title contains Headphones & Earbuds
 INFO [main] (commonStepDefinations.java:100)- User check that the browser title contains TV Wireless Headphones
 INFO [main] (commonStepDefinations.java:115)- User check that the browser title contains The Sharper Image - Official Site: Unique, Innovative, and Fun Gifts for your home or office.
 INFO [main] (SharperImage.java:79)- Shopper cart is updated with item count
 INFO [main] (SharperImage.java:316)- Shopping cart cost is updated as per user shopping choice
 INFO [main] (SharperImage.java:316)- Shopping cart cost is updated as per user shopping choice
 INFO [main] (SharperImage.java:316)- Shopping cart cost is updated as per user shopping choice
 INFO [main] (SharperImage.java:316)- Shopping cart cost is updated as per user shopping choice
 INFO [main] (commonStepDefinations.java:115)- User check that the browser title contains The Sharper Image - Official Site: Unique, Innovative, and Fun Gifts for your home or office.
 INFO [main] (commonStepDefinations.java:115)- User check that the browser title contains The Sharper Image - Official Site: Unique, Innovative, and Fun Gifts for your home or office.
 INFO [main] (SharperImage.java:368)- User able to see the product :TV Wireless Headphones
 3  ;2
 INFO [main] (BeforeAfterHooks.java:32)- Cookies Deleted

  @Shoppingcart
  Scenario: user can add and delete the item from shoppeing cart(Mobile)     # FeaureFiles/SharperImageMobile/ShoppingcartValidations.feature:33
    Given User navigate to sharperimage website                              # commonStepDefinations.user_navigate_to_sharperimage_website()
    When User Click the button "navButton" by "id"                           # MobileStepDefinations.muser_click_the_button_something_by_something(String,String)
    And User click the  "Electronics"                                        # commonStepDefinations.user_click1(String)
    And User click the  "Headphones & Earbuds"                               # commonStepDefinations.user_click1(String)
    Then User check that the browser title contains "Headphones & Earbuds"   # commonStepDefinations.user_check_that_the_browser_title_contains_something(String)
    When User click the  "TV Wireless Headphones"                            # commonStepDefinations.user_click1(String)
    Then User check that the browser title contains "TV Wireless Headphones" # commonStepDefinations.user_check_that_the_browser_title_contains_something(String)
    When User Click the button "Add To Cart"                                 # commonStepDefinations.user_click_the_button_something(String)
    Then User check that the browser title contains "Shopping Cart"          # commonStepDefinations.user_check_that_the_browser_title_contains_something(String)
    When User should select quantity as 3                                    # SharperImage.user_should_select_quantity_as(int)
    Then Price need to update by Quantity                                    # SharperImage.price_need_to_update_by_Quantity()
    And User should able to choose Shipping Options                          # SharperImage.user_should_able_to_choose_shipping_options()
    When User Click the button "Checkout"                                    # commonStepDefinations.user_click_the_button_something(String)
    Then User check that the browser title contains "Shipping Billing"       # commonStepDefinations.user_check_that_the_browser_title_contains_something(String)
    When User click the cart                                                 # commonStepDefinations.user_click_the_cart()
    Then User check that the browser title contains "Shopping Cart"          # commonStepDefinations.user_check_that_the_browser_title_contains_something(String)
    And User able to see "TV Wireless Headphones" and quantity as 2          # SharperImage.user_able_to_see_something_and_quantity_as(String,String)
      java.lang.AssertionError: User not able to see the product quantity :2
      	at org.junit.Assert.fail(Assert.java:88)
      	at BDD.Cucumber.StepDefinations.SharperImage.user_able_to_see_something_and_quantity_as(SharperImage.java:387)
      	at ?.And User able to see "TV Wireless Headphones" and quantity as 2(FeaureFiles/SharperImageMobile/ShoppingcartValidations.feature:50)
      
    When User Click the button "Checkout"                                    # commonStepDefinations.user_click_the_button_something(String)
    Then User check that the browser title contains "Shipping Billing"       # commonStepDefinations.user_check_that_the_browser_title_contains_something(String)
 INFO [main] (commonStepDefinations.java:44)- User navigate to sharperimage website
 INFO [main] (commonStepDefinations.java:100)- User check that the browser title contains Headphones & Earbuds
 INFO [main] (commonStepDefinations.java:100)- User check that the browser title contains TV Wireless Headphones
 INFO [main] (commonStepDefinations.java:100)- User check that the browser title contains Shopping Cart
 INFO [main] (commonStepDefinations.java:100)- User check that the browser title contains PayPal

  @Shoppingcart
  Scenario: Click on checkout with PayPal button and arriving on PayPal page (Mobile) # FeaureFiles/SharperImageMobile/ShoppingcartValidations.feature:55
    Given User navigate to sharperimage website                                       # commonStepDefinations.user_navigate_to_sharperimage_website()
    When User Click the button "navButton" by "id"                                    # MobileStepDefinations.muser_click_the_button_something_by_something(String,String)
    And User click the  "Electronics"                                                 # commonStepDefinations.user_click1(String)
    And User click the  "Headphones & Earbuds"                                        # commonStepDefinations.user_click1(String)
    Then User check that the browser title contains "Headphones & Earbuds"            # commonStepDefinations.user_check_that_the_browser_title_contains_something(String)
    When User click the  "TV Wireless Headphones"                                     # commonStepDefinations.user_click1(String)
    Then User check that the browser title contains "TV Wireless Headphones"          # commonStepDefinations.user_check_that_the_browser_title_contains_something(String)
    When User Click the button "Add To Cart"                                          # commonStepDefinations.user_click_the_button_something(String)
    Then User check that the browser title contains "Shopping Cart"                   # commonStepDefinations.user_check_that_the_browser_title_contains_something(String)
    When User Click the Paypal Button                                                 # SharperImage.user_click_the_paypal_button()
    Then User check that the browser title contains "PayPal"                          # commonStepDefinations.user_check_that_the_browser_title_contains_something(String)

Failed scenarios:
FeaureFiles/SharperImageMobile/ShoppingcartValidations.feature:33 # Scenario: user can add and delete the item from shoppeing cart(Mobile)

5 Scenarios (1 failed, 4 passed)
79 Steps (1 failed, 2 skipped, 76 passed)
6m58.487s

java.lang.AssertionError: User not able to see the product quantity :2
	at org.junit.Assert.fail(Assert.java:88)
	at BDD.Cucumber.StepDefinations.SharperImage.user_able_to_see_something_and_quantity_as(SharperImage.java:387)
	at ?.And User able to see "TV Wireless Headphones" and quantity as 2(FeaureFiles/SharperImageMobile/ShoppingcartValidations.feature:50)

MobileTestReport.html
message sent successfully....

0 Scenarios
0 Steps
0m0.000s

Tests run: 3, Failures: 1, Errors: 0, Skipped: 1, Time elapsed: 427.503 sec <<< FAILURE! - in TestSuite
feature(BDD.Cucumber.MobileRunnerTest)  Time elapsed: 253.014 sec  <<< FAILURE!
cucumber.runtime.CucumberException: java.lang.AssertionError: User not able to see the product quantity :2
Caused by: java.lang.AssertionError: User not able to see the product quantity :2


Results :

Failed tests: 
BDD.Cucumber.MobileRunnerTest.feature(BDD.Cucumber.MobileRunnerTest)
  Run 1: PASS
  Run 2: MobileRunnerTest>AbstractTestNGCucumberTests.feature:21 » Cucumber java.lang.A...


Tests run: 2, Failures: 1, Errors: 0, Skipped: 1

[ERROR] There are test failures.

Please refer to D:\SourceCode\sharperimage-qa\SharperimageAutomation\target\surefire-reports for the individual test results.
[INFO] ------------------------------------------------------------------------
[INFO] BUILD SUCCESS
[INFO] ------------------------------------------------------------------------
[INFO] Total time: 07:12 min
[INFO] Finished at: 2017-05-26T19:02:05+05:30
[INFO] Final Memory: 29M/263M
[INFO] ------------------------------------------------------------------------
[INFO] Scanning for projects...
[WARNING] 
[WARNING] Some problems were encountered while building the effective model for BDD:Cucumber:jar:0.0.1-SNAPSHOT
[WARNING] 'dependencies.dependency.systemPath' for sample:com.sample:jar should not point at files within the project directory, ${project.basedir}/src/test/resources/Jars/selenium-server-standalone-2.53.1.jar will be unresolvable by dependent projects @ line 81, column 17
[WARNING] 
[WARNING] It is highly recommended to fix these problems because they threaten the stability of your build.
[WARNING] 
[WARNING] For this reason, future Maven versions might no longer support building such malformed projects.
[WARNING] 
[INFO] 
[INFO] ------------------------------------------------------------------------
[INFO] Building Cucumber 0.0.1-SNAPSHOT
[INFO] ------------------------------------------------------------------------
[INFO] 
[INFO] --- maven-clean-plugin:2.5:clean (default-clean) @ Cucumber ---
[INFO] Deleting D:\SourceCode\sharperimage-qa\SharperimageAutomation\target
[INFO] 
[INFO] --- maven-resources-plugin:2.6:resources (default-resources) @ Cucumber ---
[WARNING] Using platform encoding (Cp1252 actually) to copy filtered resources, i.e. build is platform dependent!
[INFO] skip non existing resourceDirectory D:\SourceCode\sharperimage-qa\SharperimageAutomation\src\main\resources
[INFO] 
[INFO] --- maven-compiler-plugin:3.3:compile (default-compile) @ Cucumber ---
[INFO] Changes detected - recompiling the module!
[WARNING] File encoding has not been set, using platform encoding Cp1252, i.e. build is platform dependent!
[INFO] Compiling 1 source file to D:\SourceCode\sharperimage-qa\SharperimageAutomation\target\classes
[INFO] 
[INFO] --- maven-resources-plugin:2.6:testResources (default-testResources) @ Cucumber ---
[WARNING] Using platform encoding (Cp1252 actually) to copy filtered resources, i.e. build is platform dependent!
[INFO] Copying 9 resources
[INFO] 
[INFO] --- maven-compiler-plugin:3.3:testCompile (default-testCompile) @ Cucumber ---
[INFO] Changes detected - recompiling the module!
[WARNING] File encoding has not been set, using platform encoding Cp1252, i.e. build is platform dependent!
[INFO] Compiling 20 source files to D:\SourceCode\sharperimage-qa\SharperimageAutomation\target\test-classes
[INFO] 
[INFO] --- maven-surefire-plugin:2.19.1:test (default-test) @ Cucumber ---

-------------------------------------------------------
 T E S T S
-------------------------------------------------------
Running TestSuite
#Author: prashanth.veldandi@valuelabs.com(QA2)
@SIRegression
Feature: Add item seen on category page to cart (Mobile)
 INFO [main] (BeforeAfterHooks.java:32)- Cookies Deleted
 INFO [main] (commonStepDefinations.java:44)- User navigate to sharperimage website
 INFO [main] (commonStepDefinations.java:100)- User check that the browser title contains Headphones & Earbuds
 INFO [main] (commonStepDefinations.java:100)- User check that the browser title contains TV Wireless Headphones
 INFO [main] (commonStepDefinations.java:135)- user able to see the item with Item id:Item # 204919
 INFO [main] (commonStepDefinations.java:149)- user able to see the item with Item Price:$99.99
 INFO [main] (BeforeAfterHooks.java:32)- Cookies Deleted

  @Mobile @PDP
  Scenario: Link to Product detail page (Mobile)                                                # FeaureFiles/SharperImageMobile/Add item seen on category page to cart.feature:6
    Given User navigate to sharperimage website                                                 # commonStepDefinations.user_navigate_to_sharperimage_website()
    When User Click the button "navButton" by "id"                                              # MobileStepDefinations.muser_click_the_button_something_by_something(String,String)
    And User click the  "Electronics"                                                           # commonStepDefinations.user_click1(String)
    And User click the  "Headphones & Earbuds"                                                  # commonStepDefinations.user_click1(String)
    Then User check that the browser title contains "Headphones & Earbuds"                      # commonStepDefinations.user_check_that_the_browser_title_contains_something(String)
    When User click the  "TV Wireless Headphones"                                               # commonStepDefinations.user_click1(String)
    Then User check that the browser title contains "TV Wireless Headphones"                    # commonStepDefinations.user_check_that_the_browser_title_contains_something(String)
    And User should be taken to the product details page for that item "TV Wireless Headphones" # commonStepDefinations.user_should_be_taken_to_the_product_details_page_for_that_item_something(String)
 INFO [main] (commonStepDefinations.java:44)- User navigate to sharperimage website
1
 INFO [main] (commonStepDefinations.java:100)- User check that the browser title contains Gadgets
1
 INFO [main] (commonStepDefinations.java:100)- User check that the browser title contains Smartphone Photo Printer
 INFO [main] (commonStepDefinations.java:100)- User check that the browser title contains Shopping Cart
 INFO [main] (SharperImage.java:79)- Shopper cart is updated with item count
 INFO [main] (commonStepDefinations.java:100)- User check that the browser title contains Shipping Billing
 INFO [main] (commonStepDefinations.java:100)- User check that the browser title contains Payment

  @Mobile @PDP
  Scenario: Add simple item to cart from PDP (Mobile)                                                                                # FeaureFiles/SharperImageMobile/Add item seen on category page to cart.feature:17
    Given User navigate to sharperimage website                                                                                      # commonStepDefinations.user_navigate_to_sharperimage_website()
    When User Click the button "navButton" by "id"                                                                                   # MobileStepDefinations.muser_click_the_button_something_by_something(String,String)
    And User click the link contains "More Categories"                                                                               # commonStepDefinations.user_click_the_link_contains_something(String)
    When User click the  "Gadgets"                                                                                                   # commonStepDefinations.user_click1(String)
    Then User check that the browser title contains "Gadgets"                                                                        # commonStepDefinations.user_check_that_the_browser_title_contains_something(String)
    When User click the link contains "Smartphone Photo Printer"                                                                     # commonStepDefinations.user_click_the_link_contains_something(String)
    Then User check that the browser title contains "Smartphone Photo Printer"                                                       # commonStepDefinations.user_check_that_the_browser_title_contains_something(String)
    When User Click the button "Add To Cart"                                                                                         # commonStepDefinations.user_click_the_button_something(String)
    Then User check that the browser title contains "Shopping Cart"                                                                  # commonStepDefinations.user_check_that_the_browser_title_contains_something(String)
    When User should select quantity as 2                                                                                            # SharperImage.user_should_select_quantity_as(int)
    Then Price need to update by Quantity                                                                                            # SharperImage.price_need_to_update_by_Quantity()
    When User Click the button "Checkout"                                                                                            # commonStepDefinations.user_click_the_button_something(String)
    Then User check that the browser title contains "Shipping Billing"                                                               # commonStepDefinations.user_check_that_the_browser_title_contains_something(String)
    Then User should enter Mandatory fields like firstname,lastname,2444 Merchant Ave 103, Odessa,FL,33556,7272648454,test@gmail.com # SharperImage.user_should_enter_mandatory_fields_like_(String,String,String,String,String,String,String,String)
    When User Click the button "Checkout as a guest"                                                                                 # commonStepDefinations.user_click_the_button_something(String)
    Then User check that the browser title contains "Payment"                                                                        # commonStepDefinations.user_check_that_the_browser_title_contains_something(String)
    And User should enter valid card details                                                                                         # SharperImage.user_should_enter_valid_card_details()
#Author: prashanth.veldandi@valuelabs.com(QA8)
@SIRegression @Mobile
Feature: Shopping cart Validations(Mobile)
 INFO [main] (BeforeAfterHooks.java:32)- Cookies Deleted
 INFO [main] (commonStepDefinations.java:44)- User navigate to sharperimage website
1
 INFO [main] (commonStepDefinations.java:100)- User check that the browser title contains Man Cave
 INFO [main] (commonStepDefinations.java:100)- User check that the browser title contains Electronic Return Putting Mat
 INFO [main] (SharperImage.java:79)- Shopper cart is updated with item count
1
 INFO [main] (commonStepDefinations.java:100)- User check that the browser title contains Gadgets
 INFO [main] (commonStepDefinations.java:100)- User check that the browser title contains Professional Video Drone
 INFO [main] (SharperImage.java:79)- Shopper cart is updated with item count
 INFO [main] (SharperImage.java:258)- Shopper cart is updated with item count
 INFO [main] (commonStepDefinations.java:231)- User should  able to see the Error There are no items to purchase in the order.
 INFO [main] (BeforeAfterHooks.java:32)- Cookies Deleted

  @Shoppingcart
  Scenario: user can add and delete the item from shoppeing cart(Mobile)                   # FeaureFiles/SharperImageMobile/ShoppingcartValidations.feature:6
    Given User navigate to sharperimage website                                            # commonStepDefinations.user_navigate_to_sharperimage_website()
    When User Click the button "navButton" by "id"                                         # MobileStepDefinations.muser_click_the_button_something_by_something(String,String)
    And User click the link contains "More Categories"                                     # commonStepDefinations.user_click_the_link_contains_something(String)
    When User click the  "Man Cave"                                                        # commonStepDefinations.user_click1(String)
    Then User check that the browser title contains "Man Cave"                             # commonStepDefinations.user_check_that_the_browser_title_contains_something(String)
    When User click the  "Electronic Return Putting Mat"                                   # commonStepDefinations.user_click1(String)
    Then User check that the browser title contains "Electronic Return Putting Mat"        # commonStepDefinations.user_check_that_the_browser_title_contains_something(String)
    When User Click the button "Add To Cart"                                               # commonStepDefinations.user_click_the_button_something(String)
    When User should select quantity as 3                                                  # SharperImage.user_should_select_quantity_as(int)
    Then Price need to update by Quantity                                                  # SharperImage.price_need_to_update_by_Quantity()
    When User Click the button "navButton" by "id"                                         # MobileStepDefinations.muser_click_the_button_something_by_something(String,String)
    And User click the link contains "More Categories"                                     # commonStepDefinations.user_click_the_link_contains_something(String)
    When User click the  "Gadgets"                                                         # commonStepDefinations.user_click1(String)
    Then User check that the browser title contains "Gadgets"                              # commonStepDefinations.user_check_that_the_browser_title_contains_something(String)
    When User click the  "Professional Video Drone"                                        # commonStepDefinations.user_click1(String)
    Then User check that the browser title contains "Professional Video Drone"             # commonStepDefinations.user_check_that_the_browser_title_contains_something(String)
    When User Click the button "Add To Cart"                                               # commonStepDefinations.user_click_the_button_something(String)
    When User should select quantity as 1                                                  # SharperImage.user_should_select_quantity_as(int)
    Then Price need to update by Quantity                                                  # SharperImage.price_need_to_update_by_Quantity()
    When User click the  "Remove"                                                          # commonStepDefinations.user_click1(String)
    And User should select quantity as 0                                                   # SharperImage.user_should_select_quantity_as(int)
    Then User should able to see the empty shopper cart                                    # SharperImage.user_should_able_to_see_the_empty_shopper_cart()
    When User Click the button "Checkout"                                                  # commonStepDefinations.user_click_the_button_something(String)
    Then User should  able to see the Error "There are no items to purchase in the order." # commonStepDefinations.user_should_able_to_see_the_error_something(String)
 INFO [main] (commonStepDefinations.java:44)- User navigate to sharperimage website
 INFO [main] (commonStepDefinations.java:100)- User check that the browser title contains Headphones & Earbuds
 INFO [main] (commonStepDefinations.java:100)- User check that the browser title contains TV Wireless Headphones
 INFO [main] (commonStepDefinations.java:115)- User check that the browser title contains The Sharper Image - Official Site: Unique, Innovative, and Fun Gifts for your home or office.
 INFO [main] (SharperImage.java:79)- Shopper cart is updated with item count
 INFO [main] (SharperImage.java:316)- Shopping cart cost is updated as per user shopping choice
 INFO [main] (SharperImage.java:316)- Shopping cart cost is updated as per user shopping choice
 INFO [main] (SharperImage.java:316)- Shopping cart cost is updated as per user shopping choice
 INFO [main] (SharperImage.java:316)- Shopping cart cost is updated as per user shopping choice
 INFO [main] (commonStepDefinations.java:115)- User check that the browser title contains The Sharper Image - Official Site: Unique, Innovative, and Fun Gifts for your home or office.
 INFO [main] (commonStepDefinations.java:115)- User check that the browser title contains The Sharper Image - Official Site: Unique, Innovative, and Fun Gifts for your home or office.
 INFO [main] (SharperImage.java:368)- User able to see the product :TV Wireless Headphones
 3  ;2
 INFO [main] (BeforeAfterHooks.java:32)- Cookies Deleted

  @Shoppingcart
  Scenario: user can add and delete the item from shoppeing cart(Mobile)     # FeaureFiles/SharperImageMobile/ShoppingcartValidations.feature:33
    Given User navigate to sharperimage website                              # commonStepDefinations.user_navigate_to_sharperimage_website()
    When User Click the button "navButton" by "id"                           # MobileStepDefinations.muser_click_the_button_something_by_something(String,String)
    And User click the  "Electronics"                                        # commonStepDefinations.user_click1(String)
    And User click the  "Headphones & Earbuds"                               # commonStepDefinations.user_click1(String)
    Then User check that the browser title contains "Headphones & Earbuds"   # commonStepDefinations.user_check_that_the_browser_title_contains_something(String)
    When User click the  "TV Wireless Headphones"                            # commonStepDefinations.user_click1(String)
    Then User check that the browser title contains "TV Wireless Headphones" # commonStepDefinations.user_check_that_the_browser_title_contains_something(String)
    When User Click the button "Add To Cart"                                 # commonStepDefinations.user_click_the_button_something(String)
    Then User check that the browser title contains "Shopping Cart"          # commonStepDefinations.user_check_that_the_browser_title_contains_something(String)
    When User should select quantity as 3                                    # SharperImage.user_should_select_quantity_as(int)
    Then Price need to update by Quantity                                    # SharperImage.price_need_to_update_by_Quantity()
    And User should able to choose Shipping Options                          # SharperImage.user_should_able_to_choose_shipping_options()
    When User Click the button "Checkout"                                    # commonStepDefinations.user_click_the_button_something(String)
    Then User check that the browser title contains "Shipping Billing"       # commonStepDefinations.user_check_that_the_browser_title_contains_something(String)
    When User click the cart                                                 # commonStepDefinations.user_click_the_cart()
    Then User check that the browser title contains "Shopping Cart"          # commonStepDefinations.user_check_that_the_browser_title_contains_something(String)
    And User able to see "TV Wireless Headphones" and quantity as 2          # SharperImage.user_able_to_see_something_and_quantity_as(String,String)
      java.lang.AssertionError: User not able to see the product quantity :2
      	at org.junit.Assert.fail(Assert.java:88)
      	at BDD.Cucumber.StepDefinations.SharperImage.user_able_to_see_something_and_quantity_as(SharperImage.java:387)
      	at ?.And User able to see "TV Wireless Headphones" and quantity as 2(FeaureFiles/SharperImageMobile/ShoppingcartValidations.feature:50)
      
    When User Click the button "Checkout"                                    # commonStepDefinations.user_click_the_button_something(String)
    Then User check that the browser title contains "Shipping Billing"       # commonStepDefinations.user_check_that_the_browser_title_contains_something(String)
 INFO [main] (commonStepDefinations.java:44)- User navigate to sharperimage website
 INFO [main] (commonStepDefinations.java:100)- User check that the browser title contains Headphones & Earbuds
 INFO [main] (commonStepDefinations.java:100)- User check that the browser title contains TV Wireless Headphones
 INFO [main] (commonStepDefinations.java:115)- User check that the browser title contains The Sharper Image - Official Site: Unique, Innovative, and Fun Gifts for your home or office.
 INFO [main] (commonStepDefinations.java:100)- User check that the browser title contains PayPal

  @Shoppingcart
  Scenario: Click on checkout with PayPal button and arriving on PayPal page (Mobile) # FeaureFiles/SharperImageMobile/ShoppingcartValidations.feature:55
    Given User navigate to sharperimage website                                       # commonStepDefinations.user_navigate_to_sharperimage_website()
    When User Click the button "navButton" by "id"                                    # MobileStepDefinations.muser_click_the_button_something_by_something(String,String)
    And User click the  "Electronics"                                                 # commonStepDefinations.user_click1(String)
    And User click the  "Headphones & Earbuds"                                        # commonStepDefinations.user_click1(String)
    Then User check that the browser title contains "Headphones & Earbuds"            # commonStepDefinations.user_check_that_the_browser_title_contains_something(String)
    When User click the  "TV Wireless Headphones"                                     # commonStepDefinations.user_click1(String)
    Then User check that the browser title contains "TV Wireless Headphones"          # commonStepDefinations.user_check_that_the_browser_title_contains_something(String)
    When User Click the button "Add To Cart"                                          # commonStepDefinations.user_click_the_button_something(String)
    Then User check that the browser title contains "Shopping Cart"                   # commonStepDefinations.user_check_that_the_browser_title_contains_something(String)
    When User Click the Paypal Button                                                 # SharperImage.user_click_the_paypal_button()
    Then User check that the browser title contains "PayPal"                          # commonStepDefinations.user_check_that_the_browser_title_contains_something(String)

Failed scenarios:
FeaureFiles/SharperImageMobile/ShoppingcartValidations.feature:33 # Scenario: user can add and delete the item from shoppeing cart(Mobile)

5 Scenarios (1 failed, 4 passed)
79 Steps (1 failed, 2 skipped, 76 passed)
6m43.814s

java.lang.AssertionError: User not able to see the product quantity :2
	at org.junit.Assert.fail(Assert.java:88)
	at BDD.Cucumber.StepDefinations.SharperImage.user_able_to_see_something_and_quantity_as(SharperImage.java:387)
	at ?.And User able to see "TV Wireless Headphones" and quantity as 2(FeaureFiles/SharperImageMobile/ShoppingcartValidations.feature:50)

#Author: prashanth.veldandi@valuelabs.com(QA8)
@SIRegression @Mobile
Feature: Shopping cart Validations(Mobile)
 INFO [main] (BeforeAfterHooks.java:32)- Cookies Deleted
 INFO [main] (commonStepDefinations.java:44)- User navigate to sharperimage website
 INFO [main] (commonStepDefinations.java:100)- User check that the browser title contains Headphones & Earbuds
 INFO [main] (commonStepDefinations.java:100)- User check that the browser title contains TV Wireless Headphones
 INFO [main] (commonStepDefinations.java:115)- User check that the browser title contains The Sharper Image - Official Site: Unique, Innovative, and Fun Gifts for your home or office.
 INFO [main] (SharperImage.java:79)- Shopper cart is updated with item count
 INFO [main] (SharperImage.java:316)- Shopping cart cost is updated as per user shopping choice
 INFO [main] (SharperImage.java:316)- Shopping cart cost is updated as per user shopping choice
 INFO [main] (SharperImage.java:316)- Shopping cart cost is updated as per user shopping choice
 INFO [main] (SharperImage.java:316)- Shopping cart cost is updated as per user shopping choice
 INFO [main] (commonStepDefinations.java:115)- User check that the browser title contains The Sharper Image - Official Site: Unique, Innovative, and Fun Gifts for your home or office.
 INFO [main] (commonStepDefinations.java:115)- User check that the browser title contains The Sharper Image - Official Site: Unique, Innovative, and Fun Gifts for your home or office.
 INFO [main] (SharperImage.java:368)- User able to see the product :TV Wireless Headphones
 3  ;2

  @Shoppingcart
  Scenario: user can add and delete the item from shoppeing cart(Mobile)     # FeaureFiles/SharperImageMobile/ShoppingcartValidations.feature:33
    Given User navigate to sharperimage website                              # commonStepDefinations.user_navigate_to_sharperimage_website()
    When User Click the button "navButton" by "id"                           # MobileStepDefinations.muser_click_the_button_something_by_something(String,String)
    And User click the  "Electronics"                                        # commonStepDefinations.user_click1(String)
    And User click the  "Headphones & Earbuds"                               # commonStepDefinations.user_click1(String)
    Then User check that the browser title contains "Headphones & Earbuds"   # commonStepDefinations.user_check_that_the_browser_title_contains_something(String)
    When User click the  "TV Wireless Headphones"                            # commonStepDefinations.user_click1(String)
    Then User check that the browser title contains "TV Wireless Headphones" # commonStepDefinations.user_check_that_the_browser_title_contains_something(String)
    When User Click the button "Add To Cart"                                 # commonStepDefinations.user_click_the_button_something(String)
    Then User check that the browser title contains "Shopping Cart"          # commonStepDefinations.user_check_that_the_browser_title_contains_something(String)
    When User should select quantity as 3                                    # SharperImage.user_should_select_quantity_as(int)
    Then Price need to update by Quantity                                    # SharperImage.price_need_to_update_by_Quantity()
    And User should able to choose Shipping Options                          # SharperImage.user_should_able_to_choose_shipping_options()
    When User Click the button "Checkout"                                    # commonStepDefinations.user_click_the_button_something(String)
    Then User check that the browser title contains "Shipping Billing"       # commonStepDefinations.user_check_that_the_browser_title_contains_something(String)
    When User click the cart                                                 # commonStepDefinations.user_click_the_cart()
    Then User check that the browser title contains "Shopping Cart"          # commonStepDefinations.user_check_that_the_browser_title_contains_something(String)
    And User able to see "TV Wireless Headphones" and quantity as 2          # SharperImage.user_able_to_see_something_and_quantity_as(String,String)
      java.lang.AssertionError: User not able to see the product quantity :2
      	at org.junit.Assert.fail(Assert.java:88)
      	at BDD.Cucumber.StepDefinations.SharperImage.user_able_to_see_something_and_quantity_as(SharperImage.java:387)
      	at ?.And User able to see "TV Wireless Headphones" and quantity as 2(FeaureFiles/SharperImageMobile/ShoppingcartValidations.feature:50)
      
    When User Click the button "Checkout"                                    # commonStepDefinations.user_click_the_button_something(String)
    Then User check that the browser title contains "Shipping Billing"       # commonStepDefinations.user_check_that_the_browser_title_contains_something(String)
CucumberReport_ReRun.html
MobileTestReport.html
message sent successfully....

Failed scenarios:
FeaureFiles/SharperImageMobile/ShoppingcartValidations.feature:33 # Scenario: user can add and delete the item from shoppeing cart(Mobile)

1 Scenarios (1 failed)
19 Steps (1 failed, 2 skipped, 16 passed)
2m39.462s

java.lang.AssertionError: User not able to see the product quantity :2
	at org.junit.Assert.fail(Assert.java:88)
	at BDD.Cucumber.StepDefinations.SharperImage.user_able_to_see_something_and_quantity_as(SharperImage.java:387)
	at ?.And User able to see "TV Wireless Headphones" and quantity as 2(FeaureFiles/SharperImageMobile/ShoppingcartValidations.feature:50)

Tests run: 3, Failures: 2, Errors: 0, Skipped: 0, Time elapsed: 570.486 sec <<< FAILURE! - in TestSuite
feature(BDD.Cucumber.MobileRunnerTest)  Time elapsed: 260.053 sec  <<< FAILURE!
cucumber.runtime.CucumberException: java.lang.AssertionError: User not able to see the product quantity :2
Caused by: java.lang.AssertionError: User not able to see the product quantity :2

feature(BDD.Cucumber.FailedRunnerTest)  Time elapsed: 159.538 sec  <<< FAILURE!
cucumber.runtime.CucumberException: java.lang.AssertionError: User not able to see the product quantity :2
Caused by: java.lang.AssertionError: User not able to see the product quantity :2


Results :

Failed tests: 
  FailedRunnerTest>AbstractTestNGCucumberTests.feature:21 » Cucumber java.lang.A...
BDD.Cucumber.MobileRunnerTest.feature(BDD.Cucumber.MobileRunnerTest)
  Run 1: PASS
  Run 2: MobileRunnerTest>AbstractTestNGCucumberTests.feature:21 » Cucumber java.lang.A...


Tests run: 2, Failures: 2, Errors: 0, Skipped: 0

[ERROR] There are test failures.

Please refer to D:\SourceCode\sharperimage-qa\SharperimageAutomation\target\surefire-reports for the individual test results.
[INFO] ------------------------------------------------------------------------
[INFO] BUILD SUCCESS
[INFO] ------------------------------------------------------------------------
[INFO] Total time: 09:36 min
[INFO] Finished at: 2017-05-26T19:15:28+05:30
[INFO] Final Memory: 29M/277M
[INFO] ------------------------------------------------------------------------
[INFO] Scanning for projects...
[WARNING] 
[WARNING] Some problems were encountered while building the effective model for BDD:Cucumber:jar:0.0.1-SNAPSHOT
[WARNING] 'dependencies.dependency.systemPath' for sample:com.sample:jar should not point at files within the project directory, ${project.basedir}/src/test/resources/Jars/selenium-server-standalone-2.53.1.jar will be unresolvable by dependent projects @ line 81, column 17
[WARNING] 
[WARNING] It is highly recommended to fix these problems because they threaten the stability of your build.
[WARNING] 
[WARNING] For this reason, future Maven versions might no longer support building such malformed projects.
[WARNING] 
[INFO] 
[INFO] ------------------------------------------------------------------------
[INFO] Building Cucumber 0.0.1-SNAPSHOT
[INFO] ------------------------------------------------------------------------
[INFO] 
[INFO] --- maven-clean-plugin:2.5:clean (default-clean) @ Cucumber ---
[INFO] Deleting D:\SourceCode\sharperimage-qa\SharperimageAutomation\target
[INFO] 
[INFO] --- maven-resources-plugin:2.6:resources (default-resources) @ Cucumber ---
[WARNING] Using platform encoding (Cp1252 actually) to copy filtered resources, i.e. build is platform dependent!
[INFO] skip non existing resourceDirectory D:\SourceCode\sharperimage-qa\SharperimageAutomation\src\main\resources
[INFO] 
[INFO] --- maven-compiler-plugin:3.3:compile (default-compile) @ Cucumber ---
[INFO] Changes detected - recompiling the module!
[WARNING] File encoding has not been set, using platform encoding Cp1252, i.e. build is platform dependent!
[INFO] Compiling 1 source file to D:\SourceCode\sharperimage-qa\SharperimageAutomation\target\classes
[INFO] 
[INFO] --- maven-resources-plugin:2.6:testResources (default-testResources) @ Cucumber ---
[WARNING] Using platform encoding (Cp1252 actually) to copy filtered resources, i.e. build is platform dependent!
[INFO] Copying 9 resources
[INFO] 
[INFO] --- maven-compiler-plugin:3.3:testCompile (default-testCompile) @ Cucumber ---
[INFO] Changes detected - recompiling the module!
[WARNING] File encoding has not been set, using platform encoding Cp1252, i.e. build is platform dependent!
[INFO] Compiling 20 source files to D:\SourceCode\sharperimage-qa\SharperimageAutomation\target\test-classes
[INFO] 
[INFO] --- maven-surefire-plugin:2.19.1:test (default-test) @ Cucumber ---

-------------------------------------------------------
 T E S T S
-------------------------------------------------------
Running TestSuite
#Author: prashanth.veldandi@valuelabs.com(QA2)
@SIRegression
Feature: Add item seen on category page to cart (Mobile)
 INFO [main] (BeforeAfterHooks.java:32)- Cookies Deleted
 INFO [main] (commonStepDefinations.java:44)- User navigate to sharperimage website
 INFO [main] (commonStepDefinations.java:100)- User check that the browser title contains Headphones & Earbuds
 INFO [main] (commonStepDefinations.java:100)- User check that the browser title contains TV Wireless Headphones
 INFO [main] (commonStepDefinations.java:135)- user able to see the item with Item id:Item # 204919
 INFO [main] (commonStepDefinations.java:149)- user able to see the item with Item Price:$99.99
 INFO [main] (BeforeAfterHooks.java:32)- Cookies Deleted

  @Mobile @PDP
  Scenario: Link to Product detail page (Mobile)                                                # FeaureFiles/SharperImageMobile/Add item seen on category page to cart.feature:6
    Given User navigate to sharperimage website                                                 # commonStepDefinations.user_navigate_to_sharperimage_website()
    When User Click the button "navButton" by "id"                                              # MobileStepDefinations.muser_click_the_button_something_by_something(String,String)
    And User click the  "Electronics"                                                           # commonStepDefinations.user_click1(String)
    And User click the  "Headphones & Earbuds"                                                  # commonStepDefinations.user_click1(String)
    Then User check that the browser title contains "Headphones & Earbuds"                      # commonStepDefinations.user_check_that_the_browser_title_contains_something(String)
    When User click the  "TV Wireless Headphones"                                               # commonStepDefinations.user_click1(String)
    Then User check that the browser title contains "TV Wireless Headphones"                    # commonStepDefinations.user_check_that_the_browser_title_contains_something(String)
    And User should be taken to the product details page for that item "TV Wireless Headphones" # commonStepDefinations.user_should_be_taken_to_the_product_details_page_for_that_item_something(String)
 INFO [main] (commonStepDefinations.java:44)- User navigate to sharperimage website
1
 INFO [main] (commonStepDefinations.java:100)- User check that the browser title contains Gadgets
1
 INFO [main] (commonStepDefinations.java:100)- User check that the browser title contains Smartphone Photo Printer
 INFO [main] (commonStepDefinations.java:115)- User check that the browser title contains The Sharper Image - Official Site: Unique, Innovative, and Fun Gifts for your home or office.
 INFO [main] (SharperImage.java:79)- Shopper cart is updated with item count
 INFO [main] (commonStepDefinations.java:115)- User check that the browser title contains The Sharper Image - Official Site: Unique, Innovative, and Fun Gifts for your home or office.
 INFO [main] (commonStepDefinations.java:115)- User check that the browser title contains The Sharper Image - Official Site: Unique, Innovative, and Fun Gifts for your home or office.

  @Mobile @PDP
  Scenario: Add simple item to cart from PDP (Mobile)                                                                                # FeaureFiles/SharperImageMobile/Add item seen on category page to cart.feature:17
    Given User navigate to sharperimage website                                                                                      # commonStepDefinations.user_navigate_to_sharperimage_website()
    When User Click the button "navButton" by "id"                                                                                   # MobileStepDefinations.muser_click_the_button_something_by_something(String,String)
    And User click the link contains "More Categories"                                                                               # commonStepDefinations.user_click_the_link_contains_something(String)
    When User click the  "Gadgets"                                                                                                   # commonStepDefinations.user_click1(String)
    Then User check that the browser title contains "Gadgets"                                                                        # commonStepDefinations.user_check_that_the_browser_title_contains_something(String)
    When User click the link contains "Smartphone Photo Printer"                                                                     # commonStepDefinations.user_click_the_link_contains_something(String)
    Then User check that the browser title contains "Smartphone Photo Printer"                                                       # commonStepDefinations.user_check_that_the_browser_title_contains_something(String)
    When User Click the button "Add To Cart"                                                                                         # commonStepDefinations.user_click_the_button_something(String)
    Then User check that the browser title contains "Shopping Cart"                                                                  # commonStepDefinations.user_check_that_the_browser_title_contains_something(String)
    When User should select quantity as 2                                                                                            # SharperImage.user_should_select_quantity_as(int)
    Then Price need to update by Quantity                                                                                            # SharperImage.price_need_to_update_by_Quantity()
    When User Click the button "Checkout"                                                                                            # commonStepDefinations.user_click_the_button_something(String)
    Then User check that the browser title contains "Shipping Billing"                                                               # commonStepDefinations.user_check_that_the_browser_title_contains_something(String)
    Then User should enter Mandatory fields like firstname,lastname,2444 Merchant Ave 103, Odessa,FL,33556,7272648454,test@gmail.com # SharperImage.user_should_enter_mandatory_fields_like_(String,String,String,String,String,String,String,String)
    When User Click the button "Checkout as a guest"                                                                                 # commonStepDefinations.user_click_the_button_something(String)
    Then User check that the browser title contains "Payment"                                                                        # commonStepDefinations.user_check_that_the_browser_title_contains_something(String)
    And User should enter valid card details                                                                                         # SharperImage.user_should_enter_valid_card_details()
#Author: prashanth.veldandi@valuelabs.com(QA8)
@SIRegression @Mobile
Feature: Shopping cart Validations(Mobile)
 INFO [main] (BeforeAfterHooks.java:32)- Cookies Deleted
 INFO [main] (commonStepDefinations.java:44)- User navigate to sharperimage website
1
 INFO [main] (commonStepDefinations.java:100)- User check that the browser title contains Man Cave
 INFO [main] (commonStepDefinations.java:100)- User check that the browser title contains Electronic Return Putting Mat
 INFO [main] (SharperImage.java:79)- Shopper cart is updated with item count
1
 INFO [main] (commonStepDefinations.java:100)- User check that the browser title contains Gadgets
 INFO [main] (commonStepDefinations.java:100)- User check that the browser title contains Professional Video Drone
 INFO [main] (SharperImage.java:79)- Shopper cart is updated with item count
 INFO [main] (SharperImage.java:258)- Shopper cart is updated with item count
 INFO [main] (commonStepDefinations.java:231)- User should  able to see the Error There are no items to purchase in the order.
 INFO [main] (BeforeAfterHooks.java:32)- Cookies Deleted

  @Shoppingcart
  Scenario: user can add and delete the item from shoppeing cart(Mobile)                   # FeaureFiles/SharperImageMobile/ShoppingcartValidations.feature:6
    Given User navigate to sharperimage website                                            # commonStepDefinations.user_navigate_to_sharperimage_website()
    When User Click the button "navButton" by "id"                                         # MobileStepDefinations.muser_click_the_button_something_by_something(String,String)
    And User click the link contains "More Categories"                                     # commonStepDefinations.user_click_the_link_contains_something(String)
    When User click the  "Man Cave"                                                        # commonStepDefinations.user_click1(String)
    Then User check that the browser title contains "Man Cave"                             # commonStepDefinations.user_check_that_the_browser_title_contains_something(String)
    When User click the  "Electronic Return Putting Mat"                                   # commonStepDefinations.user_click1(String)
    Then User check that the browser title contains "Electronic Return Putting Mat"        # commonStepDefinations.user_check_that_the_browser_title_contains_something(String)
    When User Click the button "Add To Cart"                                               # commonStepDefinations.user_click_the_button_something(String)
    When User should select quantity as 3                                                  # SharperImage.user_should_select_quantity_as(int)
    Then Price need to update by Quantity                                                  # SharperImage.price_need_to_update_by_Quantity()
    When User Click the button "navButton" by "id"                                         # MobileStepDefinations.muser_click_the_button_something_by_something(String,String)
    And User click the link contains "More Categories"                                     # commonStepDefinations.user_click_the_link_contains_something(String)
    When User click the  "Gadgets"                                                         # commonStepDefinations.user_click1(String)
    Then User check that the browser title contains "Gadgets"                              # commonStepDefinations.user_check_that_the_browser_title_contains_something(String)
    When User click the  "Professional Video Drone"                                        # commonStepDefinations.user_click1(String)
    Then User check that the browser title contains "Professional Video Drone"             # commonStepDefinations.user_check_that_the_browser_title_contains_something(String)
    When User Click the button "Add To Cart"                                               # commonStepDefinations.user_click_the_button_something(String)
    When User should select quantity as 1                                                  # SharperImage.user_should_select_quantity_as(int)
    Then Price need to update by Quantity                                                  # SharperImage.price_need_to_update_by_Quantity()
    When User click the  "Remove"                                                          # commonStepDefinations.user_click1(String)
    And User should select quantity as 0                                                   # SharperImage.user_should_select_quantity_as(int)
    Then User should able to see the empty shopper cart                                    # SharperImage.user_should_able_to_see_the_empty_shopper_cart()
    When User Click the button "Checkout"                                                  # commonStepDefinations.user_click_the_button_something(String)
    Then User should  able to see the Error "There are no items to purchase in the order." # commonStepDefinations.user_should_able_to_see_the_error_something(String)
 INFO [main] (commonStepDefinations.java:44)- User navigate to sharperimage website
 INFO [main] (commonStepDefinations.java:100)- User check that the browser title contains Headphones & Earbuds
 INFO [main] (commonStepDefinations.java:100)- User check that the browser title contains TV Wireless Headphones
 INFO [main] (commonStepDefinations.java:115)- User check that the browser title contains The Sharper Image - Official Site: Unique, Innovative, and Fun Gifts for your home or office.
 INFO [main] (SharperImage.java:79)- Shopper cart is updated with item count
 INFO [main] (SharperImage.java:316)- Shopping cart cost is updated as per user shopping choice
 INFO [main] (SharperImage.java:316)- Shopping cart cost is updated as per user shopping choice
 INFO [main] (SharperImage.java:316)- Shopping cart cost is updated as per user shopping choice
 INFO [main] (SharperImage.java:316)- Shopping cart cost is updated as per user shopping choice
 INFO [main] (commonStepDefinations.java:115)- User check that the browser title contains The Sharper Image - Official Site: Unique, Innovative, and Fun Gifts for your home or office.
 INFO [main] (commonStepDefinations.java:115)- User check that the browser title contains The Sharper Image - Official Site: Unique, Innovative, and Fun Gifts for your home or office.
 INFO [main] (SharperImage.java:368)- User able to see the product :TV Wireless Headphones
 3  ;3
 INFO [main] (SharperImage.java:382)- User able to see the product  quantity:3
 INFO [main] (commonStepDefinations.java:115)- User check that the browser title contains The Sharper Image - Official Site: Unique, Innovative, and Fun Gifts for your home or office.
 INFO [main] (BeforeAfterHooks.java:32)- Cookies Deleted

  @Shoppingcart
  Scenario: Click on checkout button and arriving on Shipping & Billing page (Mobile) # FeaureFiles/SharperImageMobile/ShoppingcartValidations.feature:33
    Given User navigate to sharperimage website                                       # commonStepDefinations.user_navigate_to_sharperimage_website()
    When User Click the button "navButton" by "id"                                    # MobileStepDefinations.muser_click_the_button_something_by_something(String,String)
    And User click the  "Electronics"                                                 # commonStepDefinations.user_click1(String)
    And User click the  "Headphones & Earbuds"                                        # commonStepDefinations.user_click1(String)
    Then User check that the browser title contains "Headphones & Earbuds"            # commonStepDefinations.user_check_that_the_browser_title_contains_something(String)
    When User click the  "TV Wireless Headphones"                                     # commonStepDefinations.user_click1(String)
    Then User check that the browser title contains "TV Wireless Headphones"          # commonStepDefinations.user_check_that_the_browser_title_contains_something(String)
    When User Click the button "Add To Cart"                                          # commonStepDefinations.user_click_the_button_something(String)
    Then User check that the browser title contains "Shopping Cart"                   # commonStepDefinations.user_check_that_the_browser_title_contains_something(String)
    When User should select quantity as 3                                             # SharperImage.user_should_select_quantity_as(int)
    Then Price need to update by Quantity                                             # SharperImage.price_need_to_update_by_Quantity()
    And User should able to choose Shipping Options                                   # SharperImage.user_should_able_to_choose_shipping_options()
    When User Click the button "Checkout"                                             # commonStepDefinations.user_click_the_button_something(String)
    Then User check that the browser title contains "Shipping Billing"                # commonStepDefinations.user_check_that_the_browser_title_contains_something(String)
    When User click the cart                                                          # commonStepDefinations.user_click_the_cart()
    Then User check that the browser title contains "Shopping Cart"                   # commonStepDefinations.user_check_that_the_browser_title_contains_something(String)
    And User able to see "TV Wireless Headphones" and quantity as 3                   # SharperImage.user_able_to_see_something_and_quantity_as(String,String)
    When User Click the button "Checkout"                                             # commonStepDefinations.user_click_the_button_something(String)
    Then User check that the browser title contains "Shipping Billing"                # commonStepDefinations.user_check_that_the_browser_title_contains_something(String)
 INFO [main] (commonStepDefinations.java:44)- User navigate to sharperimage website
 INFO [main] (commonStepDefinations.java:100)- User check that the browser title contains Headphones & Earbuds
 INFO [main] (commonStepDefinations.java:100)- User check that the browser title contains TV Wireless Headphones
 INFO [main] (commonStepDefinations.java:115)- User check that the browser title contains The Sharper Image - Official Site: Unique, Innovative, and Fun Gifts for your home or office.
 INFO [main] (commonStepDefinations.java:100)- User check that the browser title contains PayPal

  @Shoppingcart
  Scenario: Click on checkout with PayPal button and arriving on PayPal page (Mobile) # FeaureFiles/SharperImageMobile/ShoppingcartValidations.feature:55
    Given User navigate to sharperimage website                                       # commonStepDefinations.user_navigate_to_sharperimage_website()
    When User Click the button "navButton" by "id"                                    # MobileStepDefinations.muser_click_the_button_something_by_something(String,String)
    And User click the  "Electronics"                                                 # commonStepDefinations.user_click1(String)
    And User click the  "Headphones & Earbuds"                                        # commonStepDefinations.user_click1(String)
    Then User check that the browser title contains "Headphones & Earbuds"            # commonStepDefinations.user_check_that_the_browser_title_contains_something(String)
    When User click the  "TV Wireless Headphones"                                     # commonStepDefinations.user_click1(String)
    Then User check that the browser title contains "TV Wireless Headphones"          # commonStepDefinations.user_check_that_the_browser_title_contains_something(String)
    When User Click the button "Add To Cart"                                          # commonStepDefinations.user_click_the_button_something(String)
    Then User check that the browser title contains "Shopping Cart"                   # commonStepDefinations.user_check_that_the_browser_title_contains_something(String)
    When User Click the Paypal Button                                                 # SharperImage.user_click_the_paypal_button()
    Then User check that the browser title contains "PayPal"                          # commonStepDefinations.user_check_that_the_browser_title_contains_something(String)

5 Scenarios (5 passed)
79 Steps (79 passed)
7m30.279s

No features found at [@target/rerun.txt]
MobileTestReport.html
message sent successfully....

0 Scenarios
0 Steps
0m0.000s

Tests run: 2, Failures: 0, Errors: 0, Skipped: 0, Time elapsed: 458.139 sec - in TestSuite

Results :

Tests run: 2, Failures: 0, Errors: 0, Skipped: 0

[INFO] ------------------------------------------------------------------------
[INFO] BUILD SUCCESS
[INFO] ------------------------------------------------------------------------
[INFO] Total time: 07:42 min
[INFO] Finished at: 2017-05-26T20:06:01+05:30
[INFO] Final Memory: 29M/266M
[INFO] ------------------------------------------------------------------------
[INFO] Scanning for projects...
[WARNING] 
[WARNING] Some problems were encountered while building the effective model for BDD:Cucumber:jar:0.0.1-SNAPSHOT
[WARNING] 'dependencies.dependency.systemPath' for sample:com.sample:jar should not point at files within the project directory, ${project.basedir}/src/test/resources/Jars/selenium-server-standalone-2.53.1.jar will be unresolvable by dependent projects @ line 81, column 17
[WARNING] 
[WARNING] It is highly recommended to fix these problems because they threaten the stability of your build.
[WARNING] 
[WARNING] For this reason, future Maven versions might no longer support building such malformed projects.
[WARNING] 
[INFO] 
[INFO] ------------------------------------------------------------------------
[INFO] Building Cucumber 0.0.1-SNAPSHOT
[INFO] ------------------------------------------------------------------------
[INFO] 
[INFO] --- maven-clean-plugin:2.5:clean (default-clean) @ Cucumber ---
[INFO] Deleting D:\SourceCode\sharperimage-qa\SharperimageAutomation\target
[INFO] 
[INFO] --- maven-resources-plugin:2.6:resources (default-resources) @ Cucumber ---
[WARNING] Using platform encoding (Cp1252 actually) to copy filtered resources, i.e. build is platform dependent!
[INFO] skip non existing resourceDirectory D:\SourceCode\sharperimage-qa\SharperimageAutomation\src\main\resources
[INFO] 
[INFO] --- maven-compiler-plugin:3.3:compile (default-compile) @ Cucumber ---
[INFO] Changes detected - recompiling the module!
[WARNING] File encoding has not been set, using platform encoding Cp1252, i.e. build is platform dependent!
[INFO] Compiling 1 source file to D:\SourceCode\sharperimage-qa\SharperimageAutomation\target\classes
[INFO] 
[INFO] --- maven-resources-plugin:2.6:testResources (default-testResources) @ Cucumber ---
[WARNING] Using platform encoding (Cp1252 actually) to copy filtered resources, i.e. build is platform dependent!
[INFO] Copying 9 resources
[INFO] 
[INFO] --- maven-compiler-plugin:3.3:testCompile (default-testCompile) @ Cucumber ---
[INFO] Changes detected - recompiling the module!
[WARNING] File encoding has not been set, using platform encoding Cp1252, i.e. build is platform dependent!
[INFO] Compiling 20 source files to D:\SourceCode\sharperimage-qa\SharperimageAutomation\target\test-classes
[INFO] 
[INFO] --- maven-surefire-plugin:2.19.1:test (default-test) @ Cucumber ---

-------------------------------------------------------
 T E S T S
-------------------------------------------------------
Running TestSuite
#Author: prashanth.veldandi@valuelabs.com(QA18)
@SIRegression @Mobile
Feature: Validate Payment Page(Desktop)
Failure in before hook:BeforeAfterHooks.deleteAllCookies()
Message: org.openqa.selenium.WebDriverException: unknown error: cannot parse capability: chromeOptions
from unknown error: cannot parse mobileEmulation
from unknown error: 'Apple iPhone 6' must be a valid device
from unknown error: must be a valid device
  (Driver info: chromedriver=2.30.477700 (0057494ad8732195794a7b32078424f92a5fce41),platform=Windows NT 6.1.7601 SP1 x86_64) (WARNING: The server did not provide any stacktrace information)
Command duration or timeout: 712 milliseconds
Build info: version: '2.53.1', revision: 'a36b8b1', time: '2016-06-30 17:37:03'
System info: host: 'SHVLSP3114F1L', ip: '172.22.129.25', os.name: 'Windows 7', os.arch: 'amd64', os.version: '6.1', java.version: '1.8.0_91'
Driver info: org.openqa.selenium.chrome.ChromeDriver
	at sun.reflect.NativeConstructorAccessorImpl.newInstance0(Native Method)
	at sun.reflect.NativeConstructorAccessorImpl.newInstance(NativeConstructorAccessorImpl.java:62)
	at sun.reflect.DelegatingConstructorAccessorImpl.newInstance(DelegatingConstructorAccessorImpl.java:45)
	at java.lang.reflect.Constructor.newInstance(Constructor.java:423)
	at org.openqa.selenium.remote.ErrorHandler.createThrowable(ErrorHandler.java:206)
	at org.openqa.selenium.remote.ErrorHandler.throwIfResponseFailed(ErrorHandler.java:158)
	at org.openqa.selenium.remote.RemoteWebDriver.execute(RemoteWebDriver.java:678)
	at org.openqa.selenium.remote.RemoteWebDriver.startSession(RemoteWebDriver.java:249)
	at org.openqa.selenium.remote.RemoteWebDriver.<init>(RemoteWebDriver.java:131)
	at org.openqa.selenium.remote.RemoteWebDriver.<init>(RemoteWebDriver.java:144)
	at org.openqa.selenium.chrome.ChromeDriver.<init>(ChromeDriver.java:170)
	at org.openqa.selenium.chrome.ChromeDriver.<init>(ChromeDriver.java:138)
	at BDD.Cucumber.Core.Initialization.GetDriverObject(Initialization.java:165)
	at BDD.Cucumber.Core.BeforeAfterHooks.deleteAllCookies(BeforeAfterHooks.java:29)
	at sun.reflect.NativeMethodAccessorImpl.invoke0(Native Method)
	at sun.reflect.NativeMethodAccessorImpl.invoke(NativeMethodAccessorImpl.java:62)
	at sun.reflect.DelegatingMethodAccessorImpl.invoke(DelegatingMethodAccessorImpl.java:43)
	at java.lang.reflect.Method.invoke(Method.java:498)
	at cucumber.runtime.Utils$1.call(Utils.java:37)
	at cucumber.runtime.Timeout.timeout(Timeout.java:13)
	at cucumber.runtime.Utils.invoke(Utils.java:31)
	at cucumber.runtime.java.JavaHookDefinition.execute(JavaHookDefinition.java:60)
	at cucumber.runtime.Runtime.runHookIfTagsMatch(Runtime.java:223)
	at cucumber.runtime.Runtime.runHooks(Runtime.java:211)
	at cucumber.runtime.Runtime.runBeforeHooks(Runtime.java:201)
	at cucumber.runtime.model.CucumberScenario.run(CucumberScenario.java:40)
	at cucumber.runtime.model.CucumberFeature.run(CucumberFeature.java:165)
	at cucumber.api.testng.TestNGCucumberRunner.runCucumber(TestNGCucumberRunner.java:63)
	at cucumber.api.testng.AbstractTestNGCucumberTests.feature(AbstractTestNGCucumberTests.java:21)
	at sun.reflect.NativeMethodAccessorImpl.invoke0(Native Method)
	at sun.reflect.NativeMethodAccessorImpl.invoke(NativeMethodAccessorImpl.java:62)
	at sun.reflect.DelegatingMethodAccessorImpl.invoke(DelegatingMethodAccessorImpl.java:43)
	at java.lang.reflect.Method.invoke(Method.java:498)
	at org.testng.internal.MethodInvocationHelper.invokeMethod(MethodInvocationHelper.java:85)
	at org.testng.internal.Invoker.invokeMethod(Invoker.java:639)
	at org.testng.internal.Invoker.invokeTestMethod(Invoker.java:816)
	at org.testng.internal.Invoker.invokeTestMethods(Invoker.java:1124)
	at org.testng.internal.TestMethodWorker.invokeTestMethods(TestMethodWorker.java:125)
	at org.testng.internal.TestMethodWorker.run(TestMethodWorker.java:108)
	at org.testng.TestRunner.privateRun(TestRunner.java:774)
	at org.testng.TestRunner.run(TestRunner.java:624)
	at org.testng.SuiteRunner.runTest(SuiteRunner.java:359)
	at org.testng.SuiteRunner.runSequentially(SuiteRunner.java:354)
	at org.testng.SuiteRunner.privateRun(SuiteRunner.java:312)
	at org.testng.SuiteRunner.run(SuiteRunner.java:261)
	at org.testng.SuiteRunnerWorker.runSuite(SuiteRunnerWorker.java:52)
	at org.testng.SuiteRunnerWorker.run(SuiteRunnerWorker.java:86)
	at org.testng.TestNG.runSuitesSequentially(TestNG.java:1215)
	at org.testng.TestNG.runSuitesLocally(TestNG.java:1140)
	at org.testng.TestNG.run(TestNG.java:1048)
	at org.apache.maven.surefire.testng.TestNGExecutor.run(TestNGExecutor.java:281)
	at org.apache.maven.surefire.testng.TestNGXmlTestSuite.execute(TestNGXmlTestSuite.java:75)
	at org.apache.maven.surefire.testng.TestNGProvider.invoke(TestNGProvider.java:121)
	at org.apache.maven.surefire.booter.ForkedBooter.invokeProviderInSameClassLoader(ForkedBooter.java:290)
	at org.apache.maven.surefire.booter.ForkedBooter.runSuitesInProcess(ForkedBooter.java:242)
	at org.apache.maven.surefire.booter.ForkedBooter.main(ForkedBooter.java:121)

      org.openqa.selenium.WebDriverException: unknown error: cannot parse capability: chromeOptions
      from unknown error: cannot parse mobileEmulation
      from unknown error: 'Apple iPhone 6' must be a valid device
      from unknown error: must be a valid device
        (Driver info: chromedriver=2.30.477700 (0057494ad8732195794a7b32078424f92a5fce41),platform=Windows NT 6.1.7601 SP1 x86_64) (WARNING: The server did not provide any stacktrace information)
      Command duration or timeout: 712 milliseconds
      Build info: version: '2.53.1', revision: 'a36b8b1', time: '2016-06-30 17:37:03'
      System info: host: 'SHVLSP3114F1L', ip: '172.22.129.25', os.name: 'Windows 7', os.arch: 'amd64', os.version: '6.1', java.version: '1.8.0_91'
      Driver info: org.openqa.selenium.chrome.ChromeDriver
      	at sun.reflect.NativeConstructorAccessorImpl.newInstance0(Native Method)
      	at sun.reflect.NativeConstructorAccessorImpl.newInstance(NativeConstructorAccessorImpl.java:62)
      	at sun.reflect.DelegatingConstructorAccessorImpl.newInstance(DelegatingConstructorAccessorImpl.java:45)
      	at java.lang.reflect.Constructor.newInstance(Constructor.java:423)
      	at org.openqa.selenium.remote.ErrorHandler.createThrowable(ErrorHandler.java:206)
      	at org.openqa.selenium.remote.ErrorHandler.throwIfResponseFailed(ErrorHandler.java:158)
      	at org.openqa.selenium.remote.RemoteWebDriver.execute(RemoteWebDriver.java:678)
      	at org.openqa.selenium.remote.RemoteWebDriver.startSession(RemoteWebDriver.java:249)
      	at org.openqa.selenium.remote.RemoteWebDriver.<init>(RemoteWebDriver.java:131)
      	at org.openqa.selenium.remote.RemoteWebDriver.<init>(RemoteWebDriver.java:144)
      	at org.openqa.selenium.chrome.ChromeDriver.<init>(ChromeDriver.java:170)
      	at org.openqa.selenium.chrome.ChromeDriver.<init>(ChromeDriver.java:138)
      	at BDD.Cucumber.Core.Initialization.GetDriverObject(Initialization.java:165)
      	at BDD.Cucumber.Core.BeforeAfterHooks.deleteAllCookies(BeforeAfterHooks.java:29)
      	at sun.reflect.NativeMethodAccessorImpl.invoke0(Native Method)
      	at sun.reflect.NativeMethodAccessorImpl.invoke(NativeMethodAccessorImpl.java:62)
      	at sun.reflect.DelegatingMethodAccessorImpl.invoke(DelegatingMethodAccessorImpl.java:43)
      	at java.lang.reflect.Method.invoke(Method.java:498)
      	at cucumber.runtime.Utils$1.call(Utils.java:37)
      	at cucumber.runtime.Timeout.timeout(Timeout.java:13)
      	at cucumber.runtime.Utils.invoke(Utils.java:31)
      	at cucumber.runtime.java.JavaHookDefinition.execute(JavaHookDefinition.java:60)
      	at cucumber.runtime.Runtime.runHookIfTagsMatch(Runtime.java:223)
      	at cucumber.runtime.Runtime.runHooks(Runtime.java:211)
      	at cucumber.runtime.Runtime.runBeforeHooks(Runtime.java:201)
      	at cucumber.runtime.model.CucumberScenario.run(CucumberScenario.java:40)
      	at cucumber.runtime.model.CucumberFeature.run(CucumberFeature.java:165)
      	at cucumber.api.testng.TestNGCucumberRunner.runCucumber(TestNGCucumberRunner.java:63)
      	at cucumber.api.testng.AbstractTestNGCucumberTests.feature(AbstractTestNGCucumberTests.java:21)
      	at sun.reflect.NativeMethodAccessorImpl.invoke0(Native Method)
      	at sun.reflect.NativeMethodAccessorImpl.invoke(NativeMethodAccessorImpl.java:62)
      	at sun.reflect.DelegatingMethodAccessorImpl.invoke(DelegatingMethodAccessorImpl.java:43)
      	at java.lang.reflect.Method.invoke(Method.java:498)
      	at org.testng.internal.MethodInvocationHelper.invokeMethod(MethodInvocationHelper.java:85)
      	at org.testng.internal.Invoker.invokeMethod(Invoker.java:639)
      	at org.testng.internal.Invoker.invokeTestMethod(Invoker.java:816)
      	at org.testng.internal.Invoker.invokeTestMethods(Invoker.java:1124)
      	at org.testng.internal.TestMethodWorker.invokeTestMethods(TestMethodWorker.java:125)
      	at org.testng.internal.TestMethodWorker.run(TestMethodWorker.java:108)
      	at org.testng.TestRunner.privateRun(TestRunner.java:774)
      	at org.testng.TestRunner.run(TestRunner.java:624)
      	at org.testng.SuiteRunner.runTest(SuiteRunner.java:359)
      	at org.testng.SuiteRunner.runSequentially(SuiteRunner.java:354)
      	at org.testng.SuiteRunner.privateRun(SuiteRunner.java:312)
      	at org.testng.SuiteRunner.run(SuiteRunner.java:261)
      	at org.testng.SuiteRunnerWorker.runSuite(SuiteRunnerWorker.java:52)
      	at org.testng.SuiteRunnerWorker.run(SuiteRunnerWorker.java:86)
      	at org.testng.TestNG.runSuitesSequentially(TestNG.java:1215)
      	at org.testng.TestNG.runSuitesLocally(TestNG.java:1140)
      	at org.testng.TestNG.run(TestNG.java:1048)
      	at org.apache.maven.surefire.testng.TestNGExecutor.run(TestNGExecutor.java:281)
      	at org.apache.maven.surefire.testng.TestNGXmlTestSuite.execute(TestNGXmlTestSuite.java:75)
      	at org.apache.maven.surefire.testng.TestNGProvider.invoke(TestNGProvider.java:121)
      	at org.apache.maven.surefire.booter.ForkedBooter.invokeProviderInSameClassLoader(ForkedBooter.java:290)
      	at org.apache.maven.surefire.booter.ForkedBooter.runSuitesInProcess(ForkedBooter.java:242)
      	at org.apache.maven.surefire.booter.ForkedBooter.main(ForkedBooter.java:121)
      
Failure in after hook:BeforeAfterHooks.embedScreenshot(Scenario)
Message: java.lang.NullPointerException
	at BDD.Cucumber.Core.BeforeAfterHooks.embedScreenshot(BeforeAfterHooks.java:45)
	at sun.reflect.NativeMethodAccessorImpl.invoke0(Native Method)
	at sun.reflect.NativeMethodAccessorImpl.invoke(NativeMethodAccessorImpl.java:62)
	at sun.reflect.DelegatingMethodAccessorImpl.invoke(DelegatingMethodAccessorImpl.java:43)
	at java.lang.reflect.Method.invoke(Method.java:498)
	at cucumber.runtime.Utils$1.call(Utils.java:37)
	at cucumber.runtime.Timeout.timeout(Timeout.java:13)
	at cucumber.runtime.Utils.invoke(Utils.java:31)
	at cucumber.runtime.java.JavaHookDefinition.execute(JavaHookDefinition.java:60)
	at cucumber.runtime.Runtime.runHookIfTagsMatch(Runtime.java:223)
	at cucumber.runtime.Runtime.runHooks(Runtime.java:211)
	at cucumber.runtime.Runtime.runAfterHooks(Runtime.java:205)
	at cucumber.runtime.model.CucumberScenario.run(CucumberScenario.java:46)
	at cucumber.runtime.model.CucumberFeature.run(CucumberFeature.java:165)
	at cucumber.api.testng.TestNGCucumberRunner.runCucumber(TestNGCucumberRunner.java:63)
	at cucumber.api.testng.AbstractTestNGCucumberTests.feature(AbstractTestNGCucumberTests.java:21)
	at sun.reflect.NativeMethodAccessorImpl.invoke0(Native Method)
	at sun.reflect.NativeMethodAccessorImpl.invoke(NativeMethodAccessorImpl.java:62)
	at sun.reflect.DelegatingMethodAccessorImpl.invoke(DelegatingMethodAccessorImpl.java:43)
	at java.lang.reflect.Method.invoke(Method.java:498)
	at org.testng.internal.MethodInvocationHelper.invokeMethod(MethodInvocationHelper.java:85)
	at org.testng.internal.Invoker.invokeMethod(Invoker.java:639)
	at org.testng.internal.Invoker.invokeTestMethod(Invoker.java:816)
	at org.testng.internal.Invoker.invokeTestMethods(Invoker.java:1124)
	at org.testng.internal.TestMethodWorker.invokeTestMethods(TestMethodWorker.java:125)
	at org.testng.internal.TestMethodWorker.run(TestMethodWorker.java:108)
	at org.testng.TestRunner.privateRun(TestRunner.java:774)
	at org.testng.TestRunner.run(TestRunner.java:624)
	at org.testng.SuiteRunner.runTest(SuiteRunner.java:359)
	at org.testng.SuiteRunner.runSequentially(SuiteRunner.java:354)
	at org.testng.SuiteRunner.privateRun(SuiteRunner.java:312)
	at org.testng.SuiteRunner.run(SuiteRunner.java:261)
	at org.testng.SuiteRunnerWorker.runSuite(SuiteRunnerWorker.java:52)
	at org.testng.SuiteRunnerWorker.run(SuiteRunnerWorker.java:86)
	at org.testng.TestNG.runSuitesSequentially(TestNG.java:1215)
	at org.testng.TestNG.runSuitesLocally(TestNG.java:1140)
	at org.testng.TestNG.run(TestNG.java:1048)
	at org.apache.maven.surefire.testng.TestNGExecutor.run(TestNGExecutor.java:281)
	at org.apache.maven.surefire.testng.TestNGXmlTestSuite.execute(TestNGXmlTestSuite.java:75)
	at org.apache.maven.surefire.testng.TestNGProvider.invoke(TestNGProvider.java:121)
	at org.apache.maven.surefire.booter.ForkedBooter.invokeProviderInSameClassLoader(ForkedBooter.java:290)
	at org.apache.maven.surefire.booter.ForkedBooter.runSuitesInProcess(ForkedBooter.java:242)
	at org.apache.maven.surefire.booter.ForkedBooter.main(ForkedBooter.java:121)

      java.lang.NullPointerException
      	at BDD.Cucumber.Core.BeforeAfterHooks.embedScreenshot(BeforeAfterHooks.java:45)
      	at sun.reflect.NativeMethodAccessorImpl.invoke0(Native Method)
      	at sun.reflect.NativeMethodAccessorImpl.invoke(NativeMethodAccessorImpl.java:62)
      	at sun.reflect.DelegatingMethodAccessorImpl.invoke(DelegatingMethodAccessorImpl.java:43)
      	at java.lang.reflect.Method.invoke(Method.java:498)
      	at cucumber.runtime.Utils$1.call(Utils.java:37)
      	at cucumber.runtime.Timeout.timeout(Timeout.java:13)
      	at cucumber.runtime.Utils.invoke(Utils.java:31)
      	at cucumber.runtime.java.JavaHookDefinition.execute(JavaHookDefinition.java:60)
      	at cucumber.runtime.Runtime.runHookIfTagsMatch(Runtime.java:223)
      	at cucumber.runtime.Runtime.runHooks(Runtime.java:211)
      	at cucumber.runtime.Runtime.runAfterHooks(Runtime.java:205)
      	at cucumber.runtime.model.CucumberScenario.run(CucumberScenario.java:46)
      	at cucumber.runtime.model.CucumberFeature.run(CucumberFeature.java:165)
      	at cucumber.api.testng.TestNGCucumberRunner.runCucumber(TestNGCucumberRunner.java:63)
      	at cucumber.api.testng.AbstractTestNGCucumberTests.feature(AbstractTestNGCucumberTests.java:21)
      	at sun.reflect.NativeMethodAccessorImpl.invoke0(Native Method)
      	at sun.reflect.NativeMethodAccessorImpl.invoke(NativeMethodAccessorImpl.java:62)
      	at sun.reflect.DelegatingMethodAccessorImpl.invoke(DelegatingMethodAccessorImpl.java:43)
      	at java.lang.reflect.Method.invoke(Method.java:498)
      	at org.testng.internal.MethodInvocationHelper.invokeMethod(MethodInvocationHelper.java:85)
      	at org.testng.internal.Invoker.invokeMethod(Invoker.java:639)
      	at org.testng.internal.Invoker.invokeTestMethod(Invoker.java:816)
      	at org.testng.internal.Invoker.invokeTestMethods(Invoker.java:1124)
      	at org.testng.internal.TestMethodWorker.invokeTestMethods(TestMethodWorker.java:125)
      	at org.testng.internal.TestMethodWorker.run(TestMethodWorker.java:108)
      	at org.testng.TestRunner.privateRun(TestRunner.java:774)
      	at org.testng.TestRunner.run(TestRunner.java:624)
      	at org.testng.SuiteRunner.runTest(SuiteRunner.java:359)
      	at org.testng.SuiteRunner.runSequentially(SuiteRunner.java:354)
      	at org.testng.SuiteRunner.privateRun(SuiteRunner.java:312)
      	at org.testng.SuiteRunner.run(SuiteRunner.java:261)
      	at org.testng.SuiteRunnerWorker.runSuite(SuiteRunnerWorker.java:52)
      	at org.testng.SuiteRunnerWorker.run(SuiteRunnerWorker.java:86)
      	at org.testng.TestNG.runSuitesSequentially(TestNG.java:1215)
      	at org.testng.TestNG.runSuitesLocally(TestNG.java:1140)
      	at org.testng.TestNG.run(TestNG.java:1048)
      	at org.apache.maven.surefire.testng.TestNGExecutor.run(TestNGExecutor.java:281)
      	at org.apache.maven.surefire.testng.TestNGXmlTestSuite.execute(TestNGXmlTestSuite.java:75)
      	at org.apache.maven.surefire.testng.TestNGProvider.invoke(TestNGProvider.java:121)
      	at org.apache.maven.surefire.booter.ForkedBooter.invokeProviderInSameClassLoader(ForkedBooter.java:290)
      	at org.apache.maven.surefire.booter.ForkedBooter.runSuitesInProcess(ForkedBooter.java:242)
      	at org.apache.maven.surefire.booter.ForkedBooter.main(ForkedBooter.java:121)
      
Failure in before hook:BeforeAfterHooks.deleteAllCookies()
Message: org.openqa.selenium.remote.UnreachableBrowserException: Could not start a new session. Possible causes are invalid address of the remote server or browser start-up failure.
Build info: version: '2.53.1', revision: 'a36b8b1', time: '2016-06-30 17:37:03'
System info: host: 'SHVLSP3114F1L', ip: '172.22.129.25', os.name: 'Windows 7', os.arch: 'amd64', os.version: '6.1', java.version: '1.8.0_91'
Driver info: driver.version: ChromeDriver
	at org.openqa.selenium.remote.RemoteWebDriver.execute(RemoteWebDriver.java:665)
	at org.openqa.selenium.remote.RemoteWebDriver.startSession(RemoteWebDriver.java:249)
	at org.openqa.selenium.remote.RemoteWebDriver.<init>(RemoteWebDriver.java:131)
	at org.openqa.selenium.remote.RemoteWebDriver.<init>(RemoteWebDriver.java:144)
	at org.openqa.selenium.chrome.ChromeDriver.<init>(ChromeDriver.java:170)
	at org.openqa.selenium.chrome.ChromeDriver.<init>(ChromeDriver.java:138)
	at BDD.Cucumber.Core.Initialization.GetDriverObject(Initialization.java:165)
	at BDD.Cucumber.Core.BeforeAfterHooks.deleteAllCookies(BeforeAfterHooks.java:29)
	at sun.reflect.NativeMethodAccessorImpl.invoke0(Native Method)
	at sun.reflect.NativeMethodAccessorImpl.invoke(NativeMethodAccessorImpl.java:62)
	at sun.reflect.DelegatingMethodAccessorImpl.invoke(DelegatingMethodAccessorImpl.java:43)
	at java.lang.reflect.Method.invoke(Method.java:498)
	at cucumber.runtime.Utils$1.call(Utils.java:37)
	at cucumber.runtime.Timeout.timeout(Timeout.java:13)
	at cucumber.runtime.Utils.invoke(Utils.java:31)
	at cucumber.runtime.java.JavaHookDefinition.execute(JavaHookDefinition.java:60)
	at cucumber.runtime.Runtime.runHookIfTagsMatch(Runtime.java:223)
	at cucumber.runtime.Runtime.runHooks(Runtime.java:211)
	at cucumber.runtime.Runtime.runBeforeHooks(Runtime.java:201)
	at cucumber.runtime.model.CucumberScenario.run(CucumberScenario.java:40)
	at cucumber.runtime.model.CucumberFeature.run(CucumberFeature.java:165)
	at cucumber.api.testng.TestNGCucumberRunner.runCucumber(TestNGCucumberRunner.java:63)
	at cucumber.api.testng.AbstractTestNGCucumberTests.feature(AbstractTestNGCucumberTests.java:21)
	at sun.reflect.NativeMethodAccessorImpl.invoke0(Native Method)
	at sun.reflect.NativeMethodAccessorImpl.invoke(NativeMethodAccessorImpl.java:62)
	at sun.reflect.DelegatingMethodAccessorImpl.invoke(DelegatingMethodAccessorImpl.java:43)
	at java.lang.reflect.Method.invoke(Method.java:498)
	at org.testng.internal.MethodInvocationHelper.invokeMethod(MethodInvocationHelper.java:85)
	at org.testng.internal.Invoker.invokeMethod(Invoker.java:639)
	at org.testng.internal.Invoker.invokeTestMethod(Invoker.java:816)
	at org.testng.internal.Invoker.invokeTestMethods(Invoker.java:1124)
	at org.testng.internal.TestMethodWorker.invokeTestMethods(TestMethodWorker.java:125)
	at org.testng.internal.TestMethodWorker.run(TestMethodWorker.java:108)
	at org.testng.TestRunner.privateRun(TestRunner.java:774)
	at org.testng.TestRunner.run(TestRunner.java:624)
	at org.testng.SuiteRunner.runTest(SuiteRunner.java:359)
	at org.testng.SuiteRunner.runSequentially(SuiteRunner.java:354)
	at org.testng.SuiteRunner.privateRun(SuiteRunner.java:312)
	at org.testng.SuiteRunner.run(SuiteRunner.java:261)
	at org.testng.SuiteRunnerWorker.runSuite(SuiteRunnerWorker.java:52)
	at org.testng.SuiteRunnerWorker.run(SuiteRunnerWorker.java:86)
	at org.testng.TestNG.runSuitesSequentially(TestNG.java:1215)
	at org.testng.TestNG.runSuitesLocally(TestNG.java:1140)
	at org.testng.TestNG.run(TestNG.java:1048)
	at org.apache.maven.surefire.testng.TestNGExecutor.run(TestNGExecutor.java:281)
	at org.apache.maven.surefire.testng.TestNGXmlTestSuite.execute(TestNGXmlTestSuite.java:75)
	at org.apache.maven.surefire.testng.TestNGProvider.invoke(TestNGProvider.java:121)
	at org.apache.maven.surefire.booter.ForkedBooter.invokeProviderInSameClassLoader(ForkedBooter.java:290)
	at org.apache.maven.surefire.booter.ForkedBooter.runSuitesInProcess(ForkedBooter.java:242)
	at org.apache.maven.surefire.booter.ForkedBooter.main(ForkedBooter.java:121)
Caused by: org.openqa.selenium.WebDriverException: Timed out waiting for driver server to start.
Build info: version: '2.53.1', revision: 'a36b8b1', time: '2016-06-30 17:37:03'
System info: host: 'SHVLSP3114F1L', ip: '172.22.129.25', os.name: 'Windows 7', os.arch: 'amd64', os.version: '6.1', java.version: '1.8.0_91'
Driver info: driver.version: ChromeDriver
	at org.openqa.selenium.remote.service.DriverService.waitUntilAvailable(DriverService.java:178)
	at org.openqa.selenium.remote.service.DriverService.start(DriverService.java:166)
	at org.openqa.selenium.remote.service.DriverCommandExecutor.execute(DriverCommandExecutor.java:78)
	at org.openqa.selenium.remote.RemoteWebDriver.execute(RemoteWebDriver.java:644)
	... 49 more
Caused by: org.openqa.selenium.net.UrlChecker$TimeoutException: Timed out waiting for [http://localhost:21126/status] to be available after 20000 ms
	at org.openqa.selenium.net.UrlChecker.waitUntilAvailable(UrlChecker.java:107)
	at org.openqa.selenium.remote.service.DriverService.waitUntilAvailable(DriverService.java:175)
	... 52 more
Caused by: com.google.common.util.concurrent.UncheckedTimeoutException: java.util.concurrent.TimeoutException
	at com.google.common.util.concurrent.SimpleTimeLimiter.callWithTimeout(SimpleTimeLimiter.java:143)
	at org.openqa.selenium.net.UrlChecker.waitUntilAvailable(UrlChecker.java:80)
	... 53 more
Caused by: java.util.concurrent.TimeoutException
	at java.util.concurrent.FutureTask.get(FutureTask.java:205)
	at com.google.common.util.concurrent.SimpleTimeLimiter.callWithTimeout(SimpleTimeLimiter.java:130)
	... 54 more

      org.openqa.selenium.remote.UnreachableBrowserException: Could not start a new session. Possible causes are invalid address of the remote server or browser start-up failure.
      Build info: version: '2.53.1', revision: 'a36b8b1', time: '2016-06-30 17:37:03'
      System info: host: 'SHVLSP3114F1L', ip: '172.22.129.25', os.name: 'Windows 7', os.arch: 'amd64', os.version: '6.1', java.version: '1.8.0_91'
      Driver info: driver.version: ChromeDriver
      	at org.openqa.selenium.remote.RemoteWebDriver.execute(RemoteWebDriver.java:665)
      	at org.openqa.selenium.remote.RemoteWebDriver.startSession(RemoteWebDriver.java:249)
      	at org.openqa.selenium.remote.RemoteWebDriver.<init>(RemoteWebDriver.java:131)
      	at org.openqa.selenium.remote.RemoteWebDriver.<init>(RemoteWebDriver.java:144)
      	at org.openqa.selenium.chrome.ChromeDriver.<init>(ChromeDriver.java:170)
      	at org.openqa.selenium.chrome.ChromeDriver.<init>(ChromeDriver.java:138)
      	at BDD.Cucumber.Core.Initialization.GetDriverObject(Initialization.java:165)
      	at BDD.Cucumber.Core.BeforeAfterHooks.deleteAllCookies(BeforeAfterHooks.java:29)
      	at sun.reflect.NativeMethodAccessorImpl.invoke0(Native Method)
      	at sun.reflect.NativeMethodAccessorImpl.invoke(NativeMethodAccessorImpl.java:62)
      	at sun.reflect.DelegatingMethodAccessorImpl.invoke(DelegatingMethodAccessorImpl.java:43)
      	at java.lang.reflect.Method.invoke(Method.java:498)
      	at cucumber.runtime.Utils$1.call(Utils.java:37)
      	at cucumber.runtime.Timeout.timeout(Timeout.java:13)
      	at cucumber.runtime.Utils.invoke(Utils.java:31)
      	at cucumber.runtime.java.JavaHookDefinition.execute(JavaHookDefinition.java:60)
      	at cucumber.runtime.Runtime.runHookIfTagsMatch(Runtime.java:223)
      	at cucumber.runtime.Runtime.runHooks(Runtime.java:211)
      	at cucumber.runtime.Runtime.runBeforeHooks(Runtime.java:201)
      	at cucumber.runtime.model.CucumberScenario.run(CucumberScenario.java:40)
      	at cucumber.runtime.model.CucumberFeature.run(CucumberFeature.java:165)
      	at cucumber.api.testng.TestNGCucumberRunner.runCucumber(TestNGCucumberRunner.java:63)
      	at cucumber.api.testng.AbstractTestNGCucumberTests.feature(AbstractTestNGCucumberTests.java:21)
      	at sun.reflect.NativeMethodAccessorImpl.invoke0(Native Method)
      	at sun.reflect.NativeMethodAccessorImpl.invoke(NativeMethodAccessorImpl.java:62)
      	at sun.reflect.DelegatingMethodAccessorImpl.invoke(DelegatingMethodAccessorImpl.java:43)
      	at java.lang.reflect.Method.invoke(Method.java:498)
      	at org.testng.internal.MethodInvocationHelper.invokeMethod(MethodInvocationHelper.java:85)
      	at org.testng.internal.Invoker.invokeMethod(Invoker.java:639)
      	at org.testng.internal.Invoker.invokeTestMethod(Invoker.java:816)
      	at org.testng.internal.Invoker.invokeTestMethods(Invoker.java:1124)
      	at org.testng.internal.TestMethodWorker.invokeTestMethods(TestMethodWorker.java:125)
      	at org.testng.internal.TestMethodWorker.run(TestMethodWorker.java:108)
      	at org.testng.TestRunner.privateRun(TestRunner.java:774)
      	at org.testng.TestRunner.run(TestRunner.java:624)
      	at org.testng.SuiteRunner.runTest(SuiteRunner.java:359)
      	at org.testng.SuiteRunner.runSequentially(SuiteRunner.java:354)
      	at org.testng.SuiteRunner.privateRun(SuiteRunner.java:312)
      	at org.testng.SuiteRunner.run(SuiteRunner.java:261)
      	at org.testng.SuiteRunnerWorker.runSuite(SuiteRunnerWorker.java:52)
      	at org.testng.SuiteRunnerWorker.run(SuiteRunnerWorker.java:86)
      	at org.testng.TestNG.runSuitesSequentially(TestNG.java:1215)
      	at org.testng.TestNG.runSuitesLocally(TestNG.java:1140)
      	at org.testng.TestNG.run(TestNG.java:1048)
      	at org.apache.maven.surefire.testng.TestNGExecutor.run(TestNGExecutor.java:281)
      	at org.apache.maven.surefire.testng.TestNGXmlTestSuite.execute(TestNGXmlTestSuite.java:75)
      	at org.apache.maven.surefire.testng.TestNGProvider.invoke(TestNGProvider.java:121)
      	at org.apache.maven.surefire.booter.ForkedBooter.invokeProviderInSameClassLoader(ForkedBooter.java:290)
      	at org.apache.maven.surefire.booter.ForkedBooter.runSuitesInProcess(ForkedBooter.java:242)
      	at org.apache.maven.surefire.booter.ForkedBooter.main(ForkedBooter.java:121)
      Caused by: org.openqa.selenium.WebDriverException: Timed out waiting for driver server to start.
      Build info: version: '2.53.1', revision: 'a36b8b1', time: '2016-06-30 17:37:03'
      System info: host: 'SHVLSP3114F1L', ip: '172.22.129.25', os.name: 'Windows 7', os.arch: 'amd64', os.version: '6.1', java.version: '1.8.0_91'
      Driver info: driver.version: ChromeDriver
      	at org.openqa.selenium.remote.service.DriverService.waitUntilAvailable(DriverService.java:178)
      	at org.openqa.selenium.remote.service.DriverService.start(DriverService.java:166)
      	at org.openqa.selenium.remote.service.DriverCommandExecutor.execute(DriverCommandExecutor.java:78)
      	at org.openqa.selenium.remote.RemoteWebDriver.execute(RemoteWebDriver.java:644)
      	... 49 more
      Caused by: org.openqa.selenium.net.UrlChecker$TimeoutException: Timed out waiting for [http://localhost:21126/status] to be available after 20000 ms
      	at org.openqa.selenium.net.UrlChecker.waitUntilAvailable(UrlChecker.java:107)
      	at org.openqa.selenium.remote.service.DriverService.waitUntilAvailable(DriverService.java:175)
      	... 52 more
      Caused by: com.google.common.util.concurrent.UncheckedTimeoutException: java.util.concurrent.TimeoutException
      	at com.google.common.util.concurrent.SimpleTimeLimiter.callWithTimeout(SimpleTimeLimiter.java:143)
      	at org.openqa.selenium.net.UrlChecker.waitUntilAvailable(UrlChecker.java:80)
      	... 53 more
      Caused by: java.util.concurrent.TimeoutException
      	at java.util.concurrent.FutureTask.get(FutureTask.java:205)
      	at com.google.common.util.concurrent.SimpleTimeLimiter.callWithTimeout(SimpleTimeLimiter.java:130)
      	... 54 more
      

  @Payment
  Scenario: Edit shipping address from Payment Method page (Mobile)                                                                               # FeaureFiles/SharperImageMobile/Payment Method page.feature:6
    Given User navigate to sharperimage website                                                                                                   # commonStepDefinations.user_navigate_to_sharperimage_website()
    When User Click the button "navButton" by "id"                                                                                                # MobileStepDefinations.muser_click_the_button_something_by_something(String,String)
    And User click the link contains "More Categories"                                                                                            # commonStepDefinations.user_click_the_link_contains_something(String)
    When User click the  "Gadgets"                                                                                                                # commonStepDefinations.user_click1(String)
    Then User check that the browser title contains "Gadgets"                                                                                     # commonStepDefinations.user_check_that_the_browser_title_contains_something(String)
    When User selected the item from list                                                                                                         # commonStepDefinations.user_selected_the_item_from_list()
    When User Click the button "Add To Cart"                                                                                                      # commonStepDefinations.user_click_the_button_something(String)
    Then User check that the browser title contains "Shopping Cart"                                                                               # commonStepDefinations.user_check_that_the_browser_title_contains_something(String)
    When User should select quantity as 2                                                                                                         # SharperImage.user_should_select_quantity_as(int)
    Then Price need to update by Quantity                                                                                                         # SharperImage.price_need_to_update_by_Quantity()
    When User Click the button "Checkout"                                                                                                         # commonStepDefinations.user_click_the_button_something(String)
    Then User check that the browser title contains "Shipping Billing"                                                                            # commonStepDefinations.user_check_that_the_browser_title_contains_something(String)
    Then User should enter Mandatory fields like firstname,lastname,2444 Merchant Ave 103, Odessa,FL,33556,7272648454,test@gmail.com              # SharperImage.user_should_enter_mandatory_fields_like_(String,String,String,String,String,String,String,String)
    When User Click the button "Checkout as a guest"                                                                                              # commonStepDefinations.user_click_the_button_something(String)
    Then User check that the browser title contains "Payment"                                                                                     # commonStepDefinations.user_check_that_the_browser_title_contains_something(String)
    When User click the edit of "Shipping Address"                                                                                                # SharperImage.user_click_the_edit_of_something(String)
    Then User check that the browser title contains "Shipping Billing"                                                                            # commonStepDefinations.user_check_that_the_browser_title_contains_something(String)
    Then User should enter Mandatory fields like updatefirstname,updatedlastname,2444 Merchant Ave 103, Odessa,FL,33556,7272648454,test@gmail.com # SharperImage.user_should_enter_mandatory_fields_like_(String,String,String,String,String,String,String,String)
    When User Click the button "Checkout as a guest"                                                                                              # commonStepDefinations.user_click_the_button_something(String)
    Then User check that the browser title contains "Payment"                                                                                     # commonStepDefinations.user_check_that_the_browser_title_contains_something(String)
    And User able to see below text on page                                                                                                       # commonStepDefinations.user_able_to_see_below_text_on_page(String>)
    And User should enter valid card details                                                                                                      # SharperImage.user_should_enter_valid_card_details()
Failure in after hook:BeforeAfterHooks.embedScreenshot(Scenario)
Message: java.lang.NullPointerException
	at BDD.Cucumber.Core.BeforeAfterHooks.embedScreenshot(BeforeAfterHooks.java:45)
	at sun.reflect.NativeMethodAccessorImpl.invoke0(Native Method)
	at sun.reflect.NativeMethodAccessorImpl.invoke(NativeMethodAccessorImpl.java:62)
	at sun.reflect.DelegatingMethodAccessorImpl.invoke(DelegatingMethodAccessorImpl.java:43)
	at java.lang.reflect.Method.invoke(Method.java:498)
	at cucumber.runtime.Utils$1.call(Utils.java:37)
	at cucumber.runtime.Timeout.timeout(Timeout.java:13)
	at cucumber.runtime.Utils.invoke(Utils.java:31)
	at cucumber.runtime.java.JavaHookDefinition.execute(JavaHookDefinition.java:60)
	at cucumber.runtime.Runtime.runHookIfTagsMatch(Runtime.java:223)
	at cucumber.runtime.Runtime.runHooks(Runtime.java:211)
	at cucumber.runtime.Runtime.runAfterHooks(Runtime.java:205)
	at cucumber.runtime.model.CucumberScenario.run(CucumberScenario.java:46)
	at cucumber.runtime.model.CucumberFeature.run(CucumberFeature.java:165)
	at cucumber.api.testng.TestNGCucumberRunner.runCucumber(TestNGCucumberRunner.java:63)
	at cucumber.api.testng.AbstractTestNGCucumberTests.feature(AbstractTestNGCucumberTests.java:21)
	at sun.reflect.NativeMethodAccessorImpl.invoke0(Native Method)
	at sun.reflect.NativeMethodAccessorImpl.invoke(NativeMethodAccessorImpl.java:62)
	at sun.reflect.DelegatingMethodAccessorImpl.invoke(DelegatingMethodAccessorImpl.java:43)
	at java.lang.reflect.Method.invoke(Method.java:498)
	at org.testng.internal.MethodInvocationHelper.invokeMethod(MethodInvocationHelper.java:85)
	at org.testng.internal.Invoker.invokeMethod(Invoker.java:639)
	at org.testng.internal.Invoker.invokeTestMethod(Invoker.java:816)
	at org.testng.internal.Invoker.invokeTestMethods(Invoker.java:1124)
	at org.testng.internal.TestMethodWorker.invokeTestMethods(TestMethodWorker.java:125)
	at org.testng.internal.TestMethodWorker.run(TestMethodWorker.java:108)
	at org.testng.TestRunner.privateRun(TestRunner.java:774)
	at org.testng.TestRunner.run(TestRunner.java:624)
	at org.testng.SuiteRunner.runTest(SuiteRunner.java:359)
	at org.testng.SuiteRunner.runSequentially(SuiteRunner.java:354)
	at org.testng.SuiteRunner.privateRun(SuiteRunner.java:312)
	at org.testng.SuiteRunner.run(SuiteRunner.java:261)
	at org.testng.SuiteRunnerWorker.runSuite(SuiteRunnerWorker.java:52)
	at org.testng.SuiteRunnerWorker.run(SuiteRunnerWorker.java:86)
	at org.testng.TestNG.runSuitesSequentially(TestNG.java:1215)
	at org.testng.TestNG.runSuitesLocally(TestNG.java:1140)
	at org.testng.TestNG.run(TestNG.java:1048)
	at org.apache.maven.surefire.testng.TestNGExecutor.run(TestNGExecutor.java:281)
	at org.apache.maven.surefire.testng.TestNGXmlTestSuite.execute(TestNGXmlTestSuite.java:75)
	at org.apache.maven.surefire.testng.TestNGProvider.invoke(TestNGProvider.java:121)
	at org.apache.maven.surefire.booter.ForkedBooter.invokeProviderInSameClassLoader(ForkedBooter.java:290)
	at org.apache.maven.surefire.booter.ForkedBooter.runSuitesInProcess(ForkedBooter.java:242)
	at org.apache.maven.surefire.booter.ForkedBooter.main(ForkedBooter.java:121)

      java.lang.NullPointerException
      	at BDD.Cucumber.Core.BeforeAfterHooks.embedScreenshot(BeforeAfterHooks.java:45)
      	at sun.reflect.NativeMethodAccessorImpl.invoke0(Native Method)
      	at sun.reflect.NativeMethodAccessorImpl.invoke(NativeMethodAccessorImpl.java:62)
      	at sun.reflect.DelegatingMethodAccessorImpl.invoke(DelegatingMethodAccessorImpl.java:43)
      	at java.lang.reflect.Method.invoke(Method.java:498)
      	at cucumber.runtime.Utils$1.call(Utils.java:37)
      	at cucumber.runtime.Timeout.timeout(Timeout.java:13)
      	at cucumber.runtime.Utils.invoke(Utils.java:31)
      	at cucumber.runtime.java.JavaHookDefinition.execute(JavaHookDefinition.java:60)
      	at cucumber.runtime.Runtime.runHookIfTagsMatch(Runtime.java:223)
      	at cucumber.runtime.Runtime.runHooks(Runtime.java:211)
      	at cucumber.runtime.Runtime.runAfterHooks(Runtime.java:205)
      	at cucumber.runtime.model.CucumberScenario.run(CucumberScenario.java:46)
      	at cucumber.runtime.model.CucumberFeature.run(CucumberFeature.java:165)
      	at cucumber.api.testng.TestNGCucumberRunner.runCucumber(TestNGCucumberRunner.java:63)
      	at cucumber.api.testng.AbstractTestNGCucumberTests.feature(AbstractTestNGCucumberTests.java:21)
      	at sun.reflect.NativeMethodAccessorImpl.invoke0(Native Method)
      	at sun.reflect.NativeMethodAccessorImpl.invoke(NativeMethodAccessorImpl.java:62)
      	at sun.reflect.DelegatingMethodAccessorImpl.invoke(DelegatingMethodAccessorImpl.java:43)
      	at java.lang.reflect.Method.invoke(Method.java:498)
      	at org.testng.internal.MethodInvocationHelper.invokeMethod(MethodInvocationHelper.java:85)
      	at org.testng.internal.Invoker.invokeMethod(Invoker.java:639)
      	at org.testng.internal.Invoker.invokeTestMethod(Invoker.java:816)
      	at org.testng.internal.Invoker.invokeTestMethods(Invoker.java:1124)
      	at org.testng.internal.TestMethodWorker.invokeTestMethods(TestMethodWorker.java:125)
      	at org.testng.internal.TestMethodWorker.run(TestMethodWorker.java:108)
      	at org.testng.TestRunner.privateRun(TestRunner.java:774)
      	at org.testng.TestRunner.run(TestRunner.java:624)
      	at org.testng.SuiteRunner.runTest(SuiteRunner.java:359)
      	at org.testng.SuiteRunner.runSequentially(SuiteRunner.java:354)
      	at org.testng.SuiteRunner.privateRun(SuiteRunner.java:312)
      	at org.testng.SuiteRunner.run(SuiteRunner.java:261)
      	at org.testng.SuiteRunnerWorker.runSuite(SuiteRunnerWorker.java:52)
      	at org.testng.SuiteRunnerWorker.run(SuiteRunnerWorker.java:86)
      	at org.testng.TestNG.runSuitesSequentially(TestNG.java:1215)
      	at org.testng.TestNG.runSuitesLocally(TestNG.java:1140)
      	at org.testng.TestNG.run(TestNG.java:1048)
      	at org.apache.maven.surefire.testng.TestNGExecutor.run(TestNGExecutor.java:281)
      	at org.apache.maven.surefire.testng.TestNGXmlTestSuite.execute(TestNGXmlTestSuite.java:75)
      	at org.apache.maven.surefire.testng.TestNGProvider.invoke(TestNGProvider.java:121)
      	at org.apache.maven.surefire.booter.ForkedBooter.invokeProviderInSameClassLoader(ForkedBooter.java:290)
      	at org.apache.maven.surefire.booter.ForkedBooter.runSuitesInProcess(ForkedBooter.java:242)
      	at org.apache.maven.surefire.booter.ForkedBooter.main(ForkedBooter.java:121)
      
Failure in before hook:BeforeAfterHooks.deleteAllCookies()
Message: org.openqa.selenium.remote.UnreachableBrowserException: Could not start a new session. Possible causes are invalid address of the remote server or browser start-up failure.
Build info: version: '2.53.1', revision: 'a36b8b1', time: '2016-06-30 17:37:03'
System info: host: 'SHVLSP3114F1L', ip: '172.22.129.25', os.name: 'Windows 7', os.arch: 'amd64', os.version: '6.1', java.version: '1.8.0_91'
Driver info: driver.version: ChromeDriver
	at org.openqa.selenium.remote.RemoteWebDriver.execute(RemoteWebDriver.java:665)
	at org.openqa.selenium.remote.RemoteWebDriver.startSession(RemoteWebDriver.java:249)
	at org.openqa.selenium.remote.RemoteWebDriver.<init>(RemoteWebDriver.java:131)
	at org.openqa.selenium.remote.RemoteWebDriver.<init>(RemoteWebDriver.java:144)
	at org.openqa.selenium.chrome.ChromeDriver.<init>(ChromeDriver.java:170)
	at org.openqa.selenium.chrome.ChromeDriver.<init>(ChromeDriver.java:138)
	at BDD.Cucumber.Core.Initialization.GetDriverObject(Initialization.java:165)
	at BDD.Cucumber.Core.BeforeAfterHooks.deleteAllCookies(BeforeAfterHooks.java:29)
	at sun.reflect.NativeMethodAccessorImpl.invoke0(Native Method)
	at sun.reflect.NativeMethodAccessorImpl.invoke(NativeMethodAccessorImpl.java:62)
	at sun.reflect.DelegatingMethodAccessorImpl.invoke(DelegatingMethodAccessorImpl.java:43)
	at java.lang.reflect.Method.invoke(Method.java:498)
	at cucumber.runtime.Utils$1.call(Utils.java:37)
	at cucumber.runtime.Timeout.timeout(Timeout.java:13)
	at cucumber.runtime.Utils.invoke(Utils.java:31)
	at cucumber.runtime.java.JavaHookDefinition.execute(JavaHookDefinition.java:60)
	at cucumber.runtime.Runtime.runHookIfTagsMatch(Runtime.java:223)
	at cucumber.runtime.Runtime.runHooks(Runtime.java:211)
	at cucumber.runtime.Runtime.runBeforeHooks(Runtime.java:201)
	at cucumber.runtime.model.CucumberScenario.run(CucumberScenario.java:40)
	at cucumber.runtime.model.CucumberFeature.run(CucumberFeature.java:165)
	at cucumber.api.testng.TestNGCucumberRunner.runCucumber(TestNGCucumberRunner.java:63)
	at cucumber.api.testng.AbstractTestNGCucumberTests.feature(AbstractTestNGCucumberTests.java:21)
	at sun.reflect.NativeMethodAccessorImpl.invoke0(Native Method)
	at sun.reflect.NativeMethodAccessorImpl.invoke(NativeMethodAccessorImpl.java:62)
	at sun.reflect.DelegatingMethodAccessorImpl.invoke(DelegatingMethodAccessorImpl.java:43)
	at java.lang.reflect.Method.invoke(Method.java:498)
	at org.testng.internal.MethodInvocationHelper.invokeMethod(MethodInvocationHelper.java:85)
	at org.testng.internal.Invoker.invokeMethod(Invoker.java:639)
	at org.testng.internal.Invoker.invokeTestMethod(Invoker.java:816)
	at org.testng.internal.Invoker.invokeTestMethods(Invoker.java:1124)
	at org.testng.internal.TestMethodWorker.invokeTestMethods(TestMethodWorker.java:125)
	at org.testng.internal.TestMethodWorker.run(TestMethodWorker.java:108)
	at org.testng.TestRunner.privateRun(TestRunner.java:774)
	at org.testng.TestRunner.run(TestRunner.java:624)
	at org.testng.SuiteRunner.runTest(SuiteRunner.java:359)
	at org.testng.SuiteRunner.runSequentially(SuiteRunner.java:354)
	at org.testng.SuiteRunner.privateRun(SuiteRunner.java:312)
	at org.testng.SuiteRunner.run(SuiteRunner.java:261)
	at org.testng.SuiteRunnerWorker.runSuite(SuiteRunnerWorker.java:52)
	at org.testng.SuiteRunnerWorker.run(SuiteRunnerWorker.java:86)
	at org.testng.TestNG.runSuitesSequentially(TestNG.java:1215)
	at org.testng.TestNG.runSuitesLocally(TestNG.java:1140)
	at org.testng.TestNG.run(TestNG.java:1048)
	at org.apache.maven.surefire.testng.TestNGExecutor.run(TestNGExecutor.java:281)
	at org.apache.maven.surefire.testng.TestNGXmlTestSuite.execute(TestNGXmlTestSuite.java:75)
	at org.apache.maven.surefire.testng.TestNGProvider.invoke(TestNGProvider.java:121)
	at org.apache.maven.surefire.booter.ForkedBooter.invokeProviderInSameClassLoader(ForkedBooter.java:290)
	at org.apache.maven.surefire.booter.ForkedBooter.runSuitesInProcess(ForkedBooter.java:242)
	at org.apache.maven.surefire.booter.ForkedBooter.main(ForkedBooter.java:121)
Caused by: org.openqa.selenium.WebDriverException: Timed out waiting for driver server to start.
Build info: version: '2.53.1', revision: 'a36b8b1', time: '2016-06-30 17:37:03'
System info: host: 'SHVLSP3114F1L', ip: '172.22.129.25', os.name: 'Windows 7', os.arch: 'amd64', os.version: '6.1', java.version: '1.8.0_91'
Driver info: driver.version: ChromeDriver
	at org.openqa.selenium.remote.service.DriverService.waitUntilAvailable(DriverService.java:178)
	at org.openqa.selenium.remote.service.DriverService.start(DriverService.java:166)
	at org.openqa.selenium.remote.service.DriverCommandExecutor.execute(DriverCommandExecutor.java:78)
	at org.openqa.selenium.remote.RemoteWebDriver.execute(RemoteWebDriver.java:644)
	... 49 more
Caused by: org.openqa.selenium.net.UrlChecker$TimeoutException: Timed out waiting for [http://localhost:3423/status] to be available after 20000 ms
	at org.openqa.selenium.net.UrlChecker.waitUntilAvailable(UrlChecker.java:107)
	at org.openqa.selenium.remote.service.DriverService.waitUntilAvailable(DriverService.java:175)
	... 52 more
Caused by: com.google.common.util.concurrent.UncheckedTimeoutException: java.util.concurrent.TimeoutException
	at com.google.common.util.concurrent.SimpleTimeLimiter.callWithTimeout(SimpleTimeLimiter.java:143)
	at org.openqa.selenium.net.UrlChecker.waitUntilAvailable(UrlChecker.java:80)
	... 53 more
Caused by: java.util.concurrent.TimeoutException
	at java.util.concurrent.FutureTask.get(FutureTask.java:205)
	at com.google.common.util.concurrent.SimpleTimeLimiter.callWithTimeout(SimpleTimeLimiter.java:130)
	... 54 more

      org.openqa.selenium.remote.UnreachableBrowserException: Could not start a new session. Possible causes are invalid address of the remote server or browser start-up failure.
      Build info: version: '2.53.1', revision: 'a36b8b1', time: '2016-06-30 17:37:03'
      System info: host: 'SHVLSP3114F1L', ip: '172.22.129.25', os.name: 'Windows 7', os.arch: 'amd64', os.version: '6.1', java.version: '1.8.0_91'
      Driver info: driver.version: ChromeDriver
      	at org.openqa.selenium.remote.RemoteWebDriver.execute(RemoteWebDriver.java:665)
      	at org.openqa.selenium.remote.RemoteWebDriver.startSession(RemoteWebDriver.java:249)
      	at org.openqa.selenium.remote.RemoteWebDriver.<init>(RemoteWebDriver.java:131)
      	at org.openqa.selenium.remote.RemoteWebDriver.<init>(RemoteWebDriver.java:144)
      	at org.openqa.selenium.chrome.ChromeDriver.<init>(ChromeDriver.java:170)
      	at org.openqa.selenium.chrome.ChromeDriver.<init>(ChromeDriver.java:138)
      	at BDD.Cucumber.Core.Initialization.GetDriverObject(Initialization.java:165)
      	at BDD.Cucumber.Core.BeforeAfterHooks.deleteAllCookies(BeforeAfterHooks.java:29)
      	at sun.reflect.NativeMethodAccessorImpl.invoke0(Native Method)
      	at sun.reflect.NativeMethodAccessorImpl.invoke(NativeMethodAccessorImpl.java:62)
      	at sun.reflect.DelegatingMethodAccessorImpl.invoke(DelegatingMethodAccessorImpl.java:43)
      	at java.lang.reflect.Method.invoke(Method.java:498)
      	at cucumber.runtime.Utils$1.call(Utils.java:37)
      	at cucumber.runtime.Timeout.timeout(Timeout.java:13)
      	at cucumber.runtime.Utils.invoke(Utils.java:31)
      	at cucumber.runtime.java.JavaHookDefinition.execute(JavaHookDefinition.java:60)
      	at cucumber.runtime.Runtime.runHookIfTagsMatch(Runtime.java:223)
      	at cucumber.runtime.Runtime.runHooks(Runtime.java:211)
      	at cucumber.runtime.Runtime.runBeforeHooks(Runtime.java:201)
      	at cucumber.runtime.model.CucumberScenario.run(CucumberScenario.java:40)
      	at cucumber.runtime.model.CucumberFeature.run(CucumberFeature.java:165)
      	at cucumber.api.testng.TestNGCucumberRunner.runCucumber(TestNGCucumberRunner.java:63)
      	at cucumber.api.testng.AbstractTestNGCucumberTests.feature(AbstractTestNGCucumberTests.java:21)
      	at sun.reflect.NativeMethodAccessorImpl.invoke0(Native Method)
      	at sun.reflect.NativeMethodAccessorImpl.invoke(NativeMethodAccessorImpl.java:62)
      	at sun.reflect.DelegatingMethodAccessorImpl.invoke(DelegatingMethodAccessorImpl.java:43)
      	at java.lang.reflect.Method.invoke(Method.java:498)
      	at org.testng.internal.MethodInvocationHelper.invokeMethod(MethodInvocationHelper.java:85)
      	at org.testng.internal.Invoker.invokeMethod(Invoker.java:639)
      	at org.testng.internal.Invoker.invokeTestMethod(Invoker.java:816)
      	at org.testng.internal.Invoker.invokeTestMethods(Invoker.java:1124)
      	at org.testng.internal.TestMethodWorker.invokeTestMethods(TestMethodWorker.java:125)
      	at org.testng.internal.TestMethodWorker.run(TestMethodWorker.java:108)
      	at org.testng.TestRunner.privateRun(TestRunner.java:774)
      	at org.testng.TestRunner.run(TestRunner.java:624)
      	at org.testng.SuiteRunner.runTest(SuiteRunner.java:359)
      	at org.testng.SuiteRunner.runSequentially(SuiteRunner.java:354)
      	at org.testng.SuiteRunner.privateRun(SuiteRunner.java:312)
      	at org.testng.SuiteRunner.run(SuiteRunner.java:261)
      	at org.testng.SuiteRunnerWorker.runSuite(SuiteRunnerWorker.java:52)
      	at org.testng.SuiteRunnerWorker.run(SuiteRunnerWorker.java:86)
      	at org.testng.TestNG.runSuitesSequentially(TestNG.java:1215)
      	at org.testng.TestNG.runSuitesLocally(TestNG.java:1140)
      	at org.testng.TestNG.run(TestNG.java:1048)
      	at org.apache.maven.surefire.testng.TestNGExecutor.run(TestNGExecutor.java:281)
      	at org.apache.maven.surefire.testng.TestNGXmlTestSuite.execute(TestNGXmlTestSuite.java:75)
      	at org.apache.maven.surefire.testng.TestNGProvider.invoke(TestNGProvider.java:121)
      	at org.apache.maven.surefire.booter.ForkedBooter.invokeProviderInSameClassLoader(ForkedBooter.java:290)
      	at org.apache.maven.surefire.booter.ForkedBooter.runSuitesInProcess(ForkedBooter.java:242)
      	at org.apache.maven.surefire.booter.ForkedBooter.main(ForkedBooter.java:121)
      Caused by: org.openqa.selenium.WebDriverException: Timed out waiting for driver server to start.
      Build info: version: '2.53.1', revision: 'a36b8b1', time: '2016-06-30 17:37:03'
      System info: host: 'SHVLSP3114F1L', ip: '172.22.129.25', os.name: 'Windows 7', os.arch: 'amd64', os.version: '6.1', java.version: '1.8.0_91'
      Driver info: driver.version: ChromeDriver
      	at org.openqa.selenium.remote.service.DriverService.waitUntilAvailable(DriverService.java:178)
      	at org.openqa.selenium.remote.service.DriverService.start(DriverService.java:166)
      	at org.openqa.selenium.remote.service.DriverCommandExecutor.execute(DriverCommandExecutor.java:78)
      	at org.openqa.selenium.remote.RemoteWebDriver.execute(RemoteWebDriver.java:644)
      	... 49 more
      Caused by: org.openqa.selenium.net.UrlChecker$TimeoutException: Timed out waiting for [http://localhost:3423/status] to be available after 20000 ms
      	at org.openqa.selenium.net.UrlChecker.waitUntilAvailable(UrlChecker.java:107)
      	at org.openqa.selenium.remote.service.DriverService.waitUntilAvailable(DriverService.java:175)
      	... 52 more
      Caused by: com.google.common.util.concurrent.UncheckedTimeoutException: java.util.concurrent.TimeoutException
      	at com.google.common.util.concurrent.SimpleTimeLimiter.callWithTimeout(SimpleTimeLimiter.java:143)
      	at org.openqa.selenium.net.UrlChecker.waitUntilAvailable(UrlChecker.java:80)
      	... 53 more
      Caused by: java.util.concurrent.TimeoutException
      	at java.util.concurrent.FutureTask.get(FutureTask.java:205)
      	at com.google.common.util.concurrent.SimpleTimeLimiter.callWithTimeout(SimpleTimeLimiter.java:130)
      	... 54 more
      

  @Payment
  Scenario: Edit billing address from Payment Method page (Mobile)                                                                                # FeaureFiles/SharperImageMobile/Payment Method page.feature:33
    Given User navigate to sharperimage website                                                                                                   # commonStepDefinations.user_navigate_to_sharperimage_website()
    When User Click the button "navButton" by "id"                                                                                                # MobileStepDefinations.muser_click_the_button_something_by_something(String,String)
    And User click the link contains "More Categories"                                                                                            # commonStepDefinations.user_click_the_link_contains_something(String)
    When User click the  "Gadgets"                                                                                                                # commonStepDefinations.user_click1(String)
    Then User check that the browser title contains "Gadgets"                                                                                     # commonStepDefinations.user_check_that_the_browser_title_contains_something(String)
    When User selected the item from list                                                                                                         # commonStepDefinations.user_selected_the_item_from_list()
    When User Click the button "Add To Cart"                                                                                                      # commonStepDefinations.user_click_the_button_something(String)
    Then User check that the browser title contains "Shopping Cart"                                                                               # commonStepDefinations.user_check_that_the_browser_title_contains_something(String)
    When User should select quantity as 1                                                                                                         # SharperImage.user_should_select_quantity_as(int)
    When User Click the button "Checkout"                                                                                                         # commonStepDefinations.user_click_the_button_something(String)
    Then User check that the browser title contains "Shipping Billing"                                                                            # commonStepDefinations.user_check_that_the_browser_title_contains_something(String)
    Then User should enter Mandatory fields like firstname,lastname,2444 Merchant Ave 103, Odessa,FL,33556,7272648454,test@gmail.com              # SharperImage.user_should_enter_mandatory_fields_like_(String,String,String,String,String,String,String,String)
    When User choose the option "No, the address on record with my credit card is different" in the Billing                                       # SharperImage.user_choose_the_option_something_in_the_billing(String)
    Then User should enter Mandatory fields like first,last,2444 Merchant Ave 103, Odessa,FL,33556,7272648454,test123@gmail.com                   # SharperImage.user_should_enter_mandatory_fields_like_(String,String,String,String,String,String,String,String)
    When User enter the password                                                                                                                  # SharperImage.user_enter_the_password()
    And User enter the conform password                                                                                                           # SharperImage.user_enter_the_conform_password()
    When User Click the button "Create an Account & Continue"                                                                                     # commonStepDefinations.user_click_the_button_something(String)
    Then User check that the browser title contains "Payment"                                                                                     # commonStepDefinations.user_check_that_the_browser_title_contains_something(String)
    When User click the edit of "Shipping Address"                                                                                                # SharperImage.user_click_the_edit_of_something(String)
    Then User check that the browser title contains "Billing Address"                                                                             # commonStepDefinations.user_check_that_the_browser_title_contains_something(String)
    Then User should enter Mandatory fields like updatefirstname,updatedlastname,2444 Merchant Ave 103, Odessa,FL,33556,7272648454,test@gmail.com # SharperImage.user_should_enter_mandatory_fields_like_(String,String,String,String,String,String,String,String)
    When User Click the button "Checkout as a guest"                                                                                              # commonStepDefinations.user_click_the_button_something(String)
    Then User check that the browser title contains "Payment"                                                                                     # commonStepDefinations.user_check_that_the_browser_title_contains_something(String)
    And User able to see below text on page                                                                                                       # commonStepDefinations.user_able_to_see_below_text_on_page(String>)
    And User should enter valid card details                                                                                                      # SharperImage.user_should_enter_valid_card_details()
Failure in after hook:BeforeAfterHooks.embedScreenshot(Scenario)
Message: java.lang.NullPointerException
	at BDD.Cucumber.Core.BeforeAfterHooks.embedScreenshot(BeforeAfterHooks.java:45)
	at sun.reflect.NativeMethodAccessorImpl.invoke0(Native Method)
	at sun.reflect.NativeMethodAccessorImpl.invoke(NativeMethodAccessorImpl.java:62)
	at sun.reflect.DelegatingMethodAccessorImpl.invoke(DelegatingMethodAccessorImpl.java:43)
	at java.lang.reflect.Method.invoke(Method.java:498)
	at cucumber.runtime.Utils$1.call(Utils.java:37)
	at cucumber.runtime.Timeout.timeout(Timeout.java:13)
	at cucumber.runtime.Utils.invoke(Utils.java:31)
	at cucumber.runtime.java.JavaHookDefinition.execute(JavaHookDefinition.java:60)
	at cucumber.runtime.Runtime.runHookIfTagsMatch(Runtime.java:223)
	at cucumber.runtime.Runtime.runHooks(Runtime.java:211)
	at cucumber.runtime.Runtime.runAfterHooks(Runtime.java:205)
	at cucumber.runtime.model.CucumberScenario.run(CucumberScenario.java:46)
	at cucumber.runtime.model.CucumberFeature.run(CucumberFeature.java:165)
	at cucumber.api.testng.TestNGCucumberRunner.runCucumber(TestNGCucumberRunner.java:63)
	at cucumber.api.testng.AbstractTestNGCucumberTests.feature(AbstractTestNGCucumberTests.java:21)
	at sun.reflect.NativeMethodAccessorImpl.invoke0(Native Method)
	at sun.reflect.NativeMethodAccessorImpl.invoke(NativeMethodAccessorImpl.java:62)
	at sun.reflect.DelegatingMethodAccessorImpl.invoke(DelegatingMethodAccessorImpl.java:43)
	at java.lang.reflect.Method.invoke(Method.java:498)
	at org.testng.internal.MethodInvocationHelper.invokeMethod(MethodInvocationHelper.java:85)
	at org.testng.internal.Invoker.invokeMethod(Invoker.java:639)
	at org.testng.internal.Invoker.invokeTestMethod(Invoker.java:816)
	at org.testng.internal.Invoker.invokeTestMethods(Invoker.java:1124)
	at org.testng.internal.TestMethodWorker.invokeTestMethods(TestMethodWorker.java:125)
	at org.testng.internal.TestMethodWorker.run(TestMethodWorker.java:108)
	at org.testng.TestRunner.privateRun(TestRunner.java:774)
	at org.testng.TestRunner.run(TestRunner.java:624)
	at org.testng.SuiteRunner.runTest(SuiteRunner.java:359)
	at org.testng.SuiteRunner.runSequentially(SuiteRunner.java:354)
	at org.testng.SuiteRunner.privateRun(SuiteRunner.java:312)
	at org.testng.SuiteRunner.run(SuiteRunner.java:261)
	at org.testng.SuiteRunnerWorker.runSuite(SuiteRunnerWorker.java:52)
	at org.testng.SuiteRunnerWorker.run(SuiteRunnerWorker.java:86)
	at org.testng.TestNG.runSuitesSequentially(TestNG.java:1215)
	at org.testng.TestNG.runSuitesLocally(TestNG.java:1140)
	at org.testng.TestNG.run(TestNG.java:1048)
	at org.apache.maven.surefire.testng.TestNGExecutor.run(TestNGExecutor.java:281)
	at org.apache.maven.surefire.testng.TestNGXmlTestSuite.execute(TestNGXmlTestSuite.java:75)
	at org.apache.maven.surefire.testng.TestNGProvider.invoke(TestNGProvider.java:121)
	at org.apache.maven.surefire.booter.ForkedBooter.invokeProviderInSameClassLoader(ForkedBooter.java:290)
	at org.apache.maven.surefire.booter.ForkedBooter.runSuitesInProcess(ForkedBooter.java:242)
	at org.apache.maven.surefire.booter.ForkedBooter.main(ForkedBooter.java:121)

      java.lang.NullPointerException
      	at BDD.Cucumber.Core.BeforeAfterHooks.embedScreenshot(BeforeAfterHooks.java:45)
      	at sun.reflect.NativeMethodAccessorImpl.invoke0(Native Method)
      	at sun.reflect.NativeMethodAccessorImpl.invoke(NativeMethodAccessorImpl.java:62)
      	at sun.reflect.DelegatingMethodAccessorImpl.invoke(DelegatingMethodAccessorImpl.java:43)
      	at java.lang.reflect.Method.invoke(Method.java:498)
      	at cucumber.runtime.Utils$1.call(Utils.java:37)
      	at cucumber.runtime.Timeout.timeout(Timeout.java:13)
      	at cucumber.runtime.Utils.invoke(Utils.java:31)
      	at cucumber.runtime.java.JavaHookDefinition.execute(JavaHookDefinition.java:60)
      	at cucumber.runtime.Runtime.runHookIfTagsMatch(Runtime.java:223)
      	at cucumber.runtime.Runtime.runHooks(Runtime.java:211)
      	at cucumber.runtime.Runtime.runAfterHooks(Runtime.java:205)
      	at cucumber.runtime.model.CucumberScenario.run(CucumberScenario.java:46)
      	at cucumber.runtime.model.CucumberFeature.run(CucumberFeature.java:165)
      	at cucumber.api.testng.TestNGCucumberRunner.runCucumber(TestNGCucumberRunner.java:63)
      	at cucumber.api.testng.AbstractTestNGCucumberTests.feature(AbstractTestNGCucumberTests.java:21)
      	at sun.reflect.NativeMethodAccessorImpl.invoke0(Native Method)
      	at sun.reflect.NativeMethodAccessorImpl.invoke(NativeMethodAccessorImpl.java:62)
      	at sun.reflect.DelegatingMethodAccessorImpl.invoke(DelegatingMethodAccessorImpl.java:43)
      	at java.lang.reflect.Method.invoke(Method.java:498)
      	at org.testng.internal.MethodInvocationHelper.invokeMethod(MethodInvocationHelper.java:85)
      	at org.testng.internal.Invoker.invokeMethod(Invoker.java:639)
      	at org.testng.internal.Invoker.invokeTestMethod(Invoker.java:816)
      	at org.testng.internal.Invoker.invokeTestMethods(Invoker.java:1124)
      	at org.testng.internal.TestMethodWorker.invokeTestMethods(TestMethodWorker.java:125)
      	at org.testng.internal.TestMethodWorker.run(TestMethodWorker.java:108)
      	at org.testng.TestRunner.privateRun(TestRunner.java:774)
      	at org.testng.TestRunner.run(TestRunner.java:624)
      	at org.testng.SuiteRunner.runTest(SuiteRunner.java:359)
      	at org.testng.SuiteRunner.runSequentially(SuiteRunner.java:354)
      	at org.testng.SuiteRunner.privateRun(SuiteRunner.java:312)
      	at org.testng.SuiteRunner.run(SuiteRunner.java:261)
      	at org.testng.SuiteRunnerWorker.runSuite(SuiteRunnerWorker.java:52)
      	at org.testng.SuiteRunnerWorker.run(SuiteRunnerWorker.java:86)
      	at org.testng.TestNG.runSuitesSequentially(TestNG.java:1215)
      	at org.testng.TestNG.runSuitesLocally(TestNG.java:1140)
      	at org.testng.TestNG.run(TestNG.java:1048)
      	at org.apache.maven.surefire.testng.TestNGExecutor.run(TestNGExecutor.java:281)
      	at org.apache.maven.surefire.testng.TestNGXmlTestSuite.execute(TestNGXmlTestSuite.java:75)
      	at org.apache.maven.surefire.testng.TestNGProvider.invoke(TestNGProvider.java:121)
      	at org.apache.maven.surefire.booter.ForkedBooter.invokeProviderInSameClassLoader(ForkedBooter.java:290)
      	at org.apache.maven.surefire.booter.ForkedBooter.runSuitesInProcess(ForkedBooter.java:242)
      	at org.apache.maven.surefire.booter.ForkedBooter.main(ForkedBooter.java:121)
      
Failure in before hook:BeforeAfterHooks.deleteAllCookies()
Message: org.openqa.selenium.remote.UnreachableBrowserException: Could not start a new session. Possible causes are invalid address of the remote server or browser start-up failure.
Build info: version: '2.53.1', revision: 'a36b8b1', time: '2016-06-30 17:37:03'
System info: host: 'SHVLSP3114F1L', ip: '172.22.129.25', os.name: 'Windows 7', os.arch: 'amd64', os.version: '6.1', java.version: '1.8.0_91'
Driver info: driver.version: ChromeDriver
	at org.openqa.selenium.remote.RemoteWebDriver.execute(RemoteWebDriver.java:665)
	at org.openqa.selenium.remote.RemoteWebDriver.startSession(RemoteWebDriver.java:249)
	at org.openqa.selenium.remote.RemoteWebDriver.<init>(RemoteWebDriver.java:131)
	at org.openqa.selenium.remote.RemoteWebDriver.<init>(RemoteWebDriver.java:144)
	at org.openqa.selenium.chrome.ChromeDriver.<init>(ChromeDriver.java:170)
	at org.openqa.selenium.chrome.ChromeDriver.<init>(ChromeDriver.java:138)
	at BDD.Cucumber.Core.Initialization.GetDriverObject(Initialization.java:165)
	at BDD.Cucumber.Core.BeforeAfterHooks.deleteAllCookies(BeforeAfterHooks.java:29)
	at sun.reflect.NativeMethodAccessorImpl.invoke0(Native Method)
	at sun.reflect.NativeMethodAccessorImpl.invoke(NativeMethodAccessorImpl.java:62)
	at sun.reflect.DelegatingMethodAccessorImpl.invoke(DelegatingMethodAccessorImpl.java:43)
	at java.lang.reflect.Method.invoke(Method.java:498)
	at cucumber.runtime.Utils$1.call(Utils.java:37)
	at cucumber.runtime.Timeout.timeout(Timeout.java:13)
	at cucumber.runtime.Utils.invoke(Utils.java:31)
	at cucumber.runtime.java.JavaHookDefinition.execute(JavaHookDefinition.java:60)
	at cucumber.runtime.Runtime.runHookIfTagsMatch(Runtime.java:223)
	at cucumber.runtime.Runtime.runHooks(Runtime.java:211)
	at cucumber.runtime.Runtime.runBeforeHooks(Runtime.java:201)
	at cucumber.runtime.model.CucumberScenario.run(CucumberScenario.java:40)
	at cucumber.runtime.model.CucumberFeature.run(CucumberFeature.java:165)
	at cucumber.api.testng.TestNGCucumberRunner.runCucumber(TestNGCucumberRunner.java:63)
	at cucumber.api.testng.AbstractTestNGCucumberTests.feature(AbstractTestNGCucumberTests.java:21)
	at sun.reflect.NativeMethodAccessorImpl.invoke0(Native Method)
	at sun.reflect.NativeMethodAccessorImpl.invoke(NativeMethodAccessorImpl.java:62)
	at sun.reflect.DelegatingMethodAccessorImpl.invoke(DelegatingMethodAccessorImpl.java:43)
	at java.lang.reflect.Method.invoke(Method.java:498)
	at org.testng.internal.MethodInvocationHelper.invokeMethod(MethodInvocationHelper.java:85)
	at org.testng.internal.Invoker.invokeMethod(Invoker.java:639)
	at org.testng.internal.Invoker.invokeTestMethod(Invoker.java:816)
	at org.testng.internal.Invoker.invokeTestMethods(Invoker.java:1124)
	at org.testng.internal.TestMethodWorker.invokeTestMethods(TestMethodWorker.java:125)
	at org.testng.internal.TestMethodWorker.run(TestMethodWorker.java:108)
	at org.testng.TestRunner.privateRun(TestRunner.java:774)
	at org.testng.TestRunner.run(TestRunner.java:624)
	at org.testng.SuiteRunner.runTest(SuiteRunner.java:359)
	at org.testng.SuiteRunner.runSequentially(SuiteRunner.java:354)
	at org.testng.SuiteRunner.privateRun(SuiteRunner.java:312)
	at org.testng.SuiteRunner.run(SuiteRunner.java:261)
	at org.testng.SuiteRunnerWorker.runSuite(SuiteRunnerWorker.java:52)
	at org.testng.SuiteRunnerWorker.run(SuiteRunnerWorker.java:86)
	at org.testng.TestNG.runSuitesSequentially(TestNG.java:1215)
	at org.testng.TestNG.runSuitesLocally(TestNG.java:1140)
	at org.testng.TestNG.run(TestNG.java:1048)
	at org.apache.maven.surefire.testng.TestNGExecutor.run(TestNGExecutor.java:281)
	at org.apache.maven.surefire.testng.TestNGXmlTestSuite.execute(TestNGXmlTestSuite.java:75)
	at org.apache.maven.surefire.testng.TestNGProvider.invoke(TestNGProvider.java:121)
	at org.apache.maven.surefire.booter.ForkedBooter.invokeProviderInSameClassLoader(ForkedBooter.java:290)
	at org.apache.maven.surefire.booter.ForkedBooter.runSuitesInProcess(ForkedBooter.java:242)
	at org.apache.maven.surefire.booter.ForkedBooter.main(ForkedBooter.java:121)
Caused by: org.openqa.selenium.WebDriverException: Timed out waiting for driver server to start.
Build info: version: '2.53.1', revision: 'a36b8b1', time: '2016-06-30 17:37:03'
System info: host: 'SHVLSP3114F1L', ip: '172.22.129.25', os.name: 'Windows 7', os.arch: 'amd64', os.version: '6.1', java.version: '1.8.0_91'
Driver info: driver.version: ChromeDriver
	at org.openqa.selenium.remote.service.DriverService.waitUntilAvailable(DriverService.java:178)
	at org.openqa.selenium.remote.service.DriverService.start(DriverService.java:166)
	at org.openqa.selenium.remote.service.DriverCommandExecutor.execute(DriverCommandExecutor.java:78)
	at org.openqa.selenium.remote.RemoteWebDriver.execute(RemoteWebDriver.java:644)
	... 49 more
Caused by: org.openqa.selenium.net.UrlChecker$TimeoutException: Timed out waiting for [http://localhost:34369/status] to be available after 20000 ms
	at org.openqa.selenium.net.UrlChecker.waitUntilAvailable(UrlChecker.java:107)
	at org.openqa.selenium.remote.service.DriverService.waitUntilAvailable(DriverService.java:175)
	... 52 more
Caused by: com.google.common.util.concurrent.UncheckedTimeoutException: java.util.concurrent.TimeoutException
	at com.google.common.util.concurrent.SimpleTimeLimiter.callWithTimeout(SimpleTimeLimiter.java:143)
	at org.openqa.selenium.net.UrlChecker.waitUntilAvailable(UrlChecker.java:80)
	... 53 more
Caused by: java.util.concurrent.TimeoutException
	at java.util.concurrent.FutureTask.get(FutureTask.java:205)
	at com.google.common.util.concurrent.SimpleTimeLimiter.callWithTimeout(SimpleTimeLimiter.java:130)
	... 54 more

      org.openqa.selenium.remote.UnreachableBrowserException: Could not start a new session. Possible causes are invalid address of the remote server or browser start-up failure.
      Build info: version: '2.53.1', revision: 'a36b8b1', time: '2016-06-30 17:37:03'
      System info: host: 'SHVLSP3114F1L', ip: '172.22.129.25', os.name: 'Windows 7', os.arch: 'amd64', os.version: '6.1', java.version: '1.8.0_91'
      Driver info: driver.version: ChromeDriver
      	at org.openqa.selenium.remote.RemoteWebDriver.execute(RemoteWebDriver.java:665)
      	at org.openqa.selenium.remote.RemoteWebDriver.startSession(RemoteWebDriver.java:249)
      	at org.openqa.selenium.remote.RemoteWebDriver.<init>(RemoteWebDriver.java:131)
      	at org.openqa.selenium.remote.RemoteWebDriver.<init>(RemoteWebDriver.java:144)
      	at org.openqa.selenium.chrome.ChromeDriver.<init>(ChromeDriver.java:170)
      	at org.openqa.selenium.chrome.ChromeDriver.<init>(ChromeDriver.java:138)
      	at BDD.Cucumber.Core.Initialization.GetDriverObject(Initialization.java:165)
      	at BDD.Cucumber.Core.BeforeAfterHooks.deleteAllCookies(BeforeAfterHooks.java:29)
      	at sun.reflect.NativeMethodAccessorImpl.invoke0(Native Method)
      	at sun.reflect.NativeMethodAccessorImpl.invoke(NativeMethodAccessorImpl.java:62)
      	at sun.reflect.DelegatingMethodAccessorImpl.invoke(DelegatingMethodAccessorImpl.java:43)
      	at java.lang.reflect.Method.invoke(Method.java:498)
      	at cucumber.runtime.Utils$1.call(Utils.java:37)
      	at cucumber.runtime.Timeout.timeout(Timeout.java:13)
      	at cucumber.runtime.Utils.invoke(Utils.java:31)
      	at cucumber.runtime.java.JavaHookDefinition.execute(JavaHookDefinition.java:60)
      	at cucumber.runtime.Runtime.runHookIfTagsMatch(Runtime.java:223)
      	at cucumber.runtime.Runtime.runHooks(Runtime.java:211)
      	at cucumber.runtime.Runtime.runBeforeHooks(Runtime.java:201)
      	at cucumber.runtime.model.CucumberScenario.run(CucumberScenario.java:40)
      	at cucumber.runtime.model.CucumberFeature.run(CucumberFeature.java:165)
      	at cucumber.api.testng.TestNGCucumberRunner.runCucumber(TestNGCucumberRunner.java:63)
      	at cucumber.api.testng.AbstractTestNGCucumberTests.feature(AbstractTestNGCucumberTests.java:21)
      	at sun.reflect.NativeMethodAccessorImpl.invoke0(Native Method)
      	at sun.reflect.NativeMethodAccessorImpl.invoke(NativeMethodAccessorImpl.java:62)
      	at sun.reflect.DelegatingMethodAccessorImpl.invoke(DelegatingMethodAccessorImpl.java:43)
      	at java.lang.reflect.Method.invoke(Method.java:498)
      	at org.testng.internal.MethodInvocationHelper.invokeMethod(MethodInvocationHelper.java:85)
      	at org.testng.internal.Invoker.invokeMethod(Invoker.java:639)
      	at org.testng.internal.Invoker.invokeTestMethod(Invoker.java:816)
      	at org.testng.internal.Invoker.invokeTestMethods(Invoker.java:1124)
      	at org.testng.internal.TestMethodWorker.invokeTestMethods(TestMethodWorker.java:125)
      	at org.testng.internal.TestMethodWorker.run(TestMethodWorker.java:108)
      	at org.testng.TestRunner.privateRun(TestRunner.java:774)
      	at org.testng.TestRunner.run(TestRunner.java:624)
      	at org.testng.SuiteRunner.runTest(SuiteRunner.java:359)
      	at org.testng.SuiteRunner.runSequentially(SuiteRunner.java:354)
      	at org.testng.SuiteRunner.privateRun(SuiteRunner.java:312)
      	at org.testng.SuiteRunner.run(SuiteRunner.java:261)
      	at org.testng.SuiteRunnerWorker.runSuite(SuiteRunnerWorker.java:52)
      	at org.testng.SuiteRunnerWorker.run(SuiteRunnerWorker.java:86)
      	at org.testng.TestNG.runSuitesSequentially(TestNG.java:1215)
      	at org.testng.TestNG.runSuitesLocally(TestNG.java:1140)
      	at org.testng.TestNG.run(TestNG.java:1048)
      	at org.apache.maven.surefire.testng.TestNGExecutor.run(TestNGExecutor.java:281)
      	at org.apache.maven.surefire.testng.TestNGXmlTestSuite.execute(TestNGXmlTestSuite.java:75)
      	at org.apache.maven.surefire.testng.TestNGProvider.invoke(TestNGProvider.java:121)
      	at org.apache.maven.surefire.booter.ForkedBooter.invokeProviderInSameClassLoader(ForkedBooter.java:290)
      	at org.apache.maven.surefire.booter.ForkedBooter.runSuitesInProcess(ForkedBooter.java:242)
      	at org.apache.maven.surefire.booter.ForkedBooter.main(ForkedBooter.java:121)
      Caused by: org.openqa.selenium.WebDriverException: Timed out waiting for driver server to start.
      Build info: version: '2.53.1', revision: 'a36b8b1', time: '2016-06-30 17:37:03'
      System info: host: 'SHVLSP3114F1L', ip: '172.22.129.25', os.name: 'Windows 7', os.arch: 'amd64', os.version: '6.1', java.version: '1.8.0_91'
      Driver info: driver.version: ChromeDriver
      	at org.openqa.selenium.remote.service.DriverService.waitUntilAvailable(DriverService.java:178)
      	at org.openqa.selenium.remote.service.DriverService.start(DriverService.java:166)
      	at org.openqa.selenium.remote.service.DriverCommandExecutor.execute(DriverCommandExecutor.java:78)
      	at org.openqa.selenium.remote.RemoteWebDriver.execute(RemoteWebDriver.java:644)
      	... 49 more
      Caused by: org.openqa.selenium.net.UrlChecker$TimeoutException: Timed out waiting for [http://localhost:34369/status] to be available after 20000 ms
      	at org.openqa.selenium.net.UrlChecker.waitUntilAvailable(UrlChecker.java:107)
      	at org.openqa.selenium.remote.service.DriverService.waitUntilAvailable(DriverService.java:175)
      	... 52 more
      Caused by: com.google.common.util.concurrent.UncheckedTimeoutException: java.util.concurrent.TimeoutException
      	at com.google.common.util.concurrent.SimpleTimeLimiter.callWithTimeout(SimpleTimeLimiter.java:143)
      	at org.openqa.selenium.net.UrlChecker.waitUntilAvailable(UrlChecker.java:80)
      	... 53 more
      Caused by: java.util.concurrent.TimeoutException
      	at java.util.concurrent.FutureTask.get(FutureTask.java:205)
      	at com.google.common.util.concurrent.SimpleTimeLimiter.callWithTimeout(SimpleTimeLimiter.java:130)
      	... 54 more
      

  @Payment
  Scenario: Edit Shipping Method from Payment Method page (Mobile)                                                                   # FeaureFiles/SharperImageMobile/Payment Method page.feature:63
    Given User navigate to sharperimage website                                                                                      # commonStepDefinations.user_navigate_to_sharperimage_website()
    When User Click the button "navButton" by "id"                                                                                   # MobileStepDefinations.muser_click_the_button_something_by_something(String,String)
    Given User login to the application                                                                                              # commonStepDefinations.user_login_to_the_application()
    When User click the cart                                                                                                         # commonStepDefinations.user_click_the_cart()
    And User clear the cart items                                                                                                    # commonStepDefinations.user_clear_the_cart_items()
    When User Click the button "navButton" by "id"                                                                                   # MobileStepDefinations.muser_click_the_button_something_by_something(String,String)
    And User click the link contains "More Categories"                                                                               # commonStepDefinations.user_click_the_link_contains_something(String)
    When User click the  "Man Cave"                                                                                                  # commonStepDefinations.user_click1(String)
    Then User check that the browser title contains "Man Cave"                                                                       # commonStepDefinations.user_check_that_the_browser_title_contains_something(String)
    When User selected the item from list                                                                                            # commonStepDefinations.user_selected_the_item_from_list()
    When User Click the button "Add To Cart"                                                                                         # commonStepDefinations.user_click_the_button_something(String)
    Then User check that the browser title contains "Shopping Cart"                                                                  # commonStepDefinations.user_check_that_the_browser_title_contains_something(String)
    When User should select quantity as 1                                                                                            # SharperImage.user_should_select_quantity_as(int)
    When User Click the button "Checkout"                                                                                            # commonStepDefinations.user_click_the_button_something(String)
    Then User check that the browser title contains "Shipping Billing"                                                               # commonStepDefinations.user_check_that_the_browser_title_contains_something(String)
    Then User should enter Mandatory fields like firstname,lastname,2444 Merchant Ave 103, Odessa,FL,33556,7272648454,test@gmail.com # SharperImage.user_should_enter_mandatory_fields_like_(String,String,String,String,String,String,String,String)
    When User Click the button "Continue to payment"                                                                                 # commonStepDefinations.user_click_the_button_something(String)
    Then User check that the browser title contains "Payment"                                                                        # commonStepDefinations.user_check_that_the_browser_title_contains_something(String)
    When User click the edit of "Shipping Method"                                                                                    # SharperImage.user_click_the_edit_of_something(String)
    Then User check that the browser title contains "Billing Address"                                                                # commonStepDefinations.user_check_that_the_browser_title_contains_something(String)
    And User should able to change the Shipping Options                                                                              # SharperImage.user_should_able_to_change_the_shipping_options()
    When User Click the button "Checkout"                                                                                            # commonStepDefinations.user_click_the_button_something(String)
    Then User check that the browser title contains "Shipping Billing"                                                               # commonStepDefinations.user_check_that_the_browser_title_contains_something(String)
    When User Click the button "Continue to payment"                                                                                 # commonStepDefinations.user_click_the_button_something(String)
    Then User check that the browser title contains "Payment"                                                                        # commonStepDefinations.user_check_that_the_browser_title_contains_something(String)
    And User able to see shippingtype update                                                                                         # SharperImage.user_able_to_see_shippingtype_updated()
    And User should enter valid card details                                                                                         # SharperImage.user_should_enter_valid_card_details()
Failure in after hook:BeforeAfterHooks.embedScreenshot(Scenario)
Message: java.lang.NullPointerException
	at BDD.Cucumber.Core.BeforeAfterHooks.embedScreenshot(BeforeAfterHooks.java:45)
	at sun.reflect.NativeMethodAccessorImpl.invoke0(Native Method)
	at sun.reflect.NativeMethodAccessorImpl.invoke(NativeMethodAccessorImpl.java:62)
	at sun.reflect.DelegatingMethodAccessorImpl.invoke(DelegatingMethodAccessorImpl.java:43)
	at java.lang.reflect.Method.invoke(Method.java:498)
	at cucumber.runtime.Utils$1.call(Utils.java:37)
	at cucumber.runtime.Timeout.timeout(Timeout.java:13)
	at cucumber.runtime.Utils.invoke(Utils.java:31)
	at cucumber.runtime.java.JavaHookDefinition.execute(JavaHookDefinition.java:60)
	at cucumber.runtime.Runtime.runHookIfTagsMatch(Runtime.java:223)
	at cucumber.runtime.Runtime.runHooks(Runtime.java:211)
	at cucumber.runtime.Runtime.runAfterHooks(Runtime.java:205)
	at cucumber.runtime.model.CucumberScenario.run(CucumberScenario.java:46)
	at cucumber.runtime.model.CucumberFeature.run(CucumberFeature.java:165)
	at cucumber.api.testng.TestNGCucumberRunner.runCucumber(TestNGCucumberRunner.java:63)
	at cucumber.api.testng.AbstractTestNGCucumberTests.feature(AbstractTestNGCucumberTests.java:21)
	at sun.reflect.NativeMethodAccessorImpl.invoke0(Native Method)
	at sun.reflect.NativeMethodAccessorImpl.invoke(NativeMethodAccessorImpl.java:62)
	at sun.reflect.DelegatingMethodAccessorImpl.invoke(DelegatingMethodAccessorImpl.java:43)
	at java.lang.reflect.Method.invoke(Method.java:498)
	at org.testng.internal.MethodInvocationHelper.invokeMethod(MethodInvocationHelper.java:85)
	at org.testng.internal.Invoker.invokeMethod(Invoker.java:639)
	at org.testng.internal.Invoker.invokeTestMethod(Invoker.java:816)
	at org.testng.internal.Invoker.invokeTestMethods(Invoker.java:1124)
	at org.testng.internal.TestMethodWorker.invokeTestMethods(TestMethodWorker.java:125)
	at org.testng.internal.TestMethodWorker.run(TestMethodWorker.java:108)
	at org.testng.TestRunner.privateRun(TestRunner.java:774)
	at org.testng.TestRunner.run(TestRunner.java:624)
	at org.testng.SuiteRunner.runTest(SuiteRunner.java:359)
	at org.testng.SuiteRunner.runSequentially(SuiteRunner.java:354)
	at org.testng.SuiteRunner.privateRun(SuiteRunner.java:312)
	at org.testng.SuiteRunner.run(SuiteRunner.java:261)
	at org.testng.SuiteRunnerWorker.runSuite(SuiteRunnerWorker.java:52)
	at org.testng.SuiteRunnerWorker.run(SuiteRunnerWorker.java:86)
	at org.testng.TestNG.runSuitesSequentially(TestNG.java:1215)
	at org.testng.TestNG.runSuitesLocally(TestNG.java:1140)
	at org.testng.TestNG.run(TestNG.java:1048)
	at org.apache.maven.surefire.testng.TestNGExecutor.run(TestNGExecutor.java:281)
	at org.apache.maven.surefire.testng.TestNGXmlTestSuite.execute(TestNGXmlTestSuite.java:75)
	at org.apache.maven.surefire.testng.TestNGProvider.invoke(TestNGProvider.java:121)
	at org.apache.maven.surefire.booter.ForkedBooter.invokeProviderInSameClassLoader(ForkedBooter.java:290)
	at org.apache.maven.surefire.booter.ForkedBooter.runSuitesInProcess(ForkedBooter.java:242)
	at org.apache.maven.surefire.booter.ForkedBooter.main(ForkedBooter.java:121)

      java.lang.NullPointerException
      	at BDD.Cucumber.Core.BeforeAfterHooks.embedScreenshot(BeforeAfterHooks.java:45)
      	at sun.reflect.NativeMethodAccessorImpl.invoke0(Native Method)
      	at sun.reflect.NativeMethodAccessorImpl.invoke(NativeMethodAccessorImpl.java:62)
      	at sun.reflect.DelegatingMethodAccessorImpl.invoke(DelegatingMethodAccessorImpl.java:43)
      	at java.lang.reflect.Method.invoke(Method.java:498)
      	at cucumber.runtime.Utils$1.call(Utils.java:37)
      	at cucumber.runtime.Timeout.timeout(Timeout.java:13)
      	at cucumber.runtime.Utils.invoke(Utils.java:31)
      	at cucumber.runtime.java.JavaHookDefinition.execute(JavaHookDefinition.java:60)
      	at cucumber.runtime.Runtime.runHookIfTagsMatch(Runtime.java:223)
      	at cucumber.runtime.Runtime.runHooks(Runtime.java:211)
      	at cucumber.runtime.Runtime.runAfterHooks(Runtime.java:205)
      	at cucumber.runtime.model.CucumberScenario.run(CucumberScenario.java:46)
      	at cucumber.runtime.model.CucumberFeature.run(CucumberFeature.java:165)
      	at cucumber.api.testng.TestNGCucumberRunner.runCucumber(TestNGCucumberRunner.java:63)
      	at cucumber.api.testng.AbstractTestNGCucumberTests.feature(AbstractTestNGCucumberTests.java:21)
      	at sun.reflect.NativeMethodAccessorImpl.invoke0(Native Method)
      	at sun.reflect.NativeMethodAccessorImpl.invoke(NativeMethodAccessorImpl.java:62)
      	at sun.reflect.DelegatingMethodAccessorImpl.invoke(DelegatingMethodAccessorImpl.java:43)
      	at java.lang.reflect.Method.invoke(Method.java:498)
      	at org.testng.internal.MethodInvocationHelper.invokeMethod(MethodInvocationHelper.java:85)
      	at org.testng.internal.Invoker.invokeMethod(Invoker.java:639)
      	at org.testng.internal.Invoker.invokeTestMethod(Invoker.java:816)
      	at org.testng.internal.Invoker.invokeTestMethods(Invoker.java:1124)
      	at org.testng.internal.TestMethodWorker.invokeTestMethods(TestMethodWorker.java:125)
      	at org.testng.internal.TestMethodWorker.run(TestMethodWorker.java:108)
      	at org.testng.TestRunner.privateRun(TestRunner.java:774)
      	at org.testng.TestRunner.run(TestRunner.java:624)
      	at org.testng.SuiteRunner.runTest(SuiteRunner.java:359)
      	at org.testng.SuiteRunner.runSequentially(SuiteRunner.java:354)
      	at org.testng.SuiteRunner.privateRun(SuiteRunner.java:312)
      	at org.testng.SuiteRunner.run(SuiteRunner.java:261)
      	at org.testng.SuiteRunnerWorker.runSuite(SuiteRunnerWorker.java:52)
      	at org.testng.SuiteRunnerWorker.run(SuiteRunnerWorker.java:86)
      	at org.testng.TestNG.runSuitesSequentially(TestNG.java:1215)
      	at org.testng.TestNG.runSuitesLocally(TestNG.java:1140)
      	at org.testng.TestNG.run(TestNG.java:1048)
      	at org.apache.maven.surefire.testng.TestNGExecutor.run(TestNGExecutor.java:281)
      	at org.apache.maven.surefire.testng.TestNGXmlTestSuite.execute(TestNGXmlTestSuite.java:75)
      	at org.apache.maven.surefire.testng.TestNGProvider.invoke(TestNGProvider.java:121)
      	at org.apache.maven.surefire.booter.ForkedBooter.invokeProviderInSameClassLoader(ForkedBooter.java:290)
      	at org.apache.maven.surefire.booter.ForkedBooter.runSuitesInProcess(ForkedBooter.java:242)
      	at org.apache.maven.surefire.booter.ForkedBooter.main(ForkedBooter.java:121)
      
